[10:29:55.918][info] [#0:/home/tayler/.local/share/nvim/mason/packages/lua-language-server/libexec/main.lua:66]: Lua Lsp startup, root: 	/home/tayler/.local/share/nvim/mason/packages/lua-language-server/libexec
[10:29:55.919][info] [#0:/home/tayler/.local/share/nvim/mason/packages/lua-language-server/libexec/main.lua:67]: ROOT:	/home/tayler/.local/share/nvim/mason/packages/lua-language-server/libexec
[10:29:55.919][info] [#0:/home/tayler/.local/share/nvim/mason/packages/lua-language-server/libexec/main.lua:68]: LOGPATH:	/home/tayler/.local/share/nvim/mason/packages/lua-language-server/libexec/log
[10:29:55.919][info] [#0:/home/tayler/.local/share/nvim/mason/packages/lua-language-server/libexec/main.lua:69]: METAPATH:	/home/tayler/.local/share/nvim/mason/packages/lua-language-server/libexec/meta
[10:29:55.919][info] [#0:/home/tayler/.local/share/nvim/mason/packages/lua-language-server/libexec/main.lua:70]: VERSION:	3.7.3
[10:29:55.966][info] [#0:script/service/service.lua:144]: 
========= Medical Examination Report =========
    --------------- Memory ---------------
        Total: 1.345 MB
        # 00 : 1.345 MB
        # 01 : 0.000 MB
        # 02 : 0.000 MB
        # 03 : 0.000 MB
        # 04 : 0.000 MB
    --------------- Coroutine ---------------
        Total:     0
        Running:   0
        Suspended: 0
        Normal:    0
        Dead:      0
    --------------- Cache ---------------
        Total: 1
        Dead:  0
    ---------------  RPC  ---------------
        Holdon:   0
        Waiting:  0
==============================================
[10:29:55.974][info] [#0:script/client.lua:657]: Client init	{
  capabilities = {
    textDocument = {
      callHierarchy = {
        dynamicRegistration = false
      },
      codeAction = {
        codeActionLiteralSupport = {
          codeActionKind = {
            valueSet = { "", "quickfix", "refactor", "refactor.extract", "refactor.inline", "refactor.rewrite", "source", "source.organizeImports" }
          }
        },
        dataSupport = true,
        dynamicRegistration = false,
        isPreferredSupport = true,
        resolveSupport = {
          properties = { "edit" }
        }
      },
      completion = {
        completionItem = {
          commitCharactersSupport = true,
          deprecatedSupport = true,
          documentationFormat = { "markdown", "plaintext" },
          insertReplaceSupport = true,
          labelDetailsSupport = true,
          preselectSupport = true,
          resolveSupport = {
            properties = { "documentation", "detail", "additionalTextEdits" }
          },
          snippetSupport = true,
          tagSupport = {
            valueSet = { 1 }
          }
        },
        completionItemKind = {
          valueSet = { 1, 2, 3, 4, 5, 6, 7, 8, 9, 10, 11, 12, 13, 14, 15, 16, 17, 18, 19, 20, 21, 22, 23, 24, 25 }
        },
        contextSupport = false,
        dynamicRegistration = false
      },
      declaration = {
        linkSupport = true
      },
      definition = {
        linkSupport = true
      },
      documentHighlight = {
        dynamicRegistration = false
      },
      documentSymbol = {
        dynamicRegistration = false,
        hierarchicalDocumentSymbolSupport = true,
        symbolKind = {
          valueSet = { 1, 2, 3, 4, 5, 6, 7, 8, 9, 10, 11, 12, 13, 14, 15, 16, 17, 18, 19, 20, 21, 22, 23, 24, 25, 26 }
        }
      },
      hover = {
        contentFormat = { "markdown", "plaintext" },
        dynamicRegistration = false
      },
      implementation = {
        linkSupport = true
      },
      publishDiagnostics = {
        relatedInformation = true,
        tagSupport = {
          valueSet = { 1, 2 }
        }
      },
      references = {
        dynamicRegistration = false
      },
      rename = {
        dynamicRegistration = false,
        prepareSupport = true
      },
      semanticTokens = {
        augmentsSyntaxTokens = true,
        dynamicRegistration = false,
        formats = { "relative" },
        multilineTokenSupport = false,
        overlappingTokenSupport = true,
        requests = {
          full = {
            delta = true
          },
          range = false
        },
        serverCancelSupport = false,
        tokenModifiers = { "declaration", "definition", "readonly", "static", "deprecated", "abstract", "async", "modification", "documentation", "defaultLibrary" },
        tokenTypes = { "namespace", "type", "class", "enum", "interface", "struct", "typeParameter", "parameter", "variable", "property", "enumMember", "event", "function", "method", "macro", "keyword", "modifier", "comment", "string", "number", "regexp", "operator", "decorator" }
      },
      signatureHelp = {
        dynamicRegistration = false,
        signatureInformation = {
          activeParameterSupport = true,
          documentationFormat = { "markdown", "plaintext" },
          parameterInformation = {
            labelOffsetSupport = true
          }
        }
      },
      synchronization = {
        didSave = true,
        dynamicRegistration = false,
        willSave = true,
        willSaveWaitUntil = true
      },
      typeDefinition = {
        linkSupport = true
      }
    },
    window = {
      showDocument = {
        support = true
      },
      showMessage = {
        messageActionItem = {
          additionalPropertiesSupport = false
        }
      },
      workDoneProgress = true
    },
    workspace = {
      applyEdit = true,
      configuration = true,
      didChangeWatchedFiles = {
        dynamicRegistration = false,
        relativePatternSupport = true
      },
      semanticTokens = {
        refreshSupport = true
      },
      symbol = {
        dynamicRegistration = false,
        hierarchicalWorkspaceSymbolSupport = true,
        symbolKind = {
          valueSet = { 1, 2, 3, 4, 5, 6, 7, 8, 9, 10, 11, 12, 13, 14, 15, 16, 17, 18, 19, 20, 21, 22, 23, 24, 25, 26 }
        }
      },
      workspaceEdit = {
        resourceOperations = { "rename", "create", "delete" }
      },
      workspaceFolders = true
    }
  },
  clientInfo = {
    name = "Neovim",
    version = "0.9.4"
  },
  initializationOptions = {},
  processId = 15324,
  rootPath = "/home/tayler/.config/nvim",
  rootUri = "file:///home/tayler/.config/nvim",
  trace = "off",
  workspaceFolders = { {
      name = "/home/tayler/.config/nvim",
      uri = "file:///home/tayler/.config/nvim"
    } }
}
[10:29:55.974][info] [#0:script/language.lua:137]: VSC language: nil
[10:29:55.974][info] [#0:script/language.lua:138]: LS  language: en-us
[10:29:55.975][info] [#0:script/workspace/workspace.lua:38]: Workspace init root: 	file:///home/tayler/.config/nvim
[10:29:55.975][info] [#0:script/workspace/workspace.lua:42]: Log path: 	/home/tayler/.local/share/nvim/mason/packages/lua-language-server/libexec/log/file_home_tayler_.config_nvim.log
[10:29:55.975][info] [#0:script/workspace/workspace.lua:48]: Workspace create: 	file:///home/tayler/.config/nvim
[10:29:56.078][info] [#0:script/provider/provider.lua:46]: Load config from client	file:///home/tayler/.config/nvim
[10:29:56.078][info] [#0:script/provider/provider.lua:47]: {
  Lua = {
    diagnostics = {
      globals = { "vim" }
    },
    workspace = {
      library = {
        ["/home/tayler/.local/share/nvim/lazy/lazy.nvim/lua/lazy"] = true,
        ["/home/tayler/.local/share/nvim/lazy/ui/nvchad_types"] = true,
        ["/tmp/.mount_nvimNXZ1YL/usr/share/nvim/runtime/lua"] = true,
        ["/tmp/.mount_nvimNXZ1YL/usr/share/nvim/runtime/lua/vim/lsp"] = true
      },
      maxPreload = 100000,
      preloadFileSize = 10000
    }
  }
}
[10:29:56.079][info] [#0:script/provider/provider.lua:46]: Load config from client	file:///home/tayler/.config/nvim
[10:29:56.079][info] [#0:script/provider/provider.lua:47]: {
  Lua = {
    diagnostics = {
      globals = { "vim" }
    },
    workspace = {
      library = {
        ["/home/tayler/.local/share/nvim/lazy/lazy.nvim/lua/lazy"] = true,
        ["/home/tayler/.local/share/nvim/lazy/ui/nvchad_types"] = true,
        ["/tmp/.mount_nvimNXZ1YL/usr/share/nvim/runtime/lua"] = true,
        ["/tmp/.mount_nvimNXZ1YL/usr/share/nvim/runtime/lua/vim/lsp"] = true
      },
      maxPreload = 100000,
      preloadFileSize = 10000
    }
  }
}
[10:29:56.080][info] [#0:script/provider/provider.lua:46]: Load config from client	file:///home/tayler/.config/nvim
[10:29:56.080][info] [#0:script/provider/provider.lua:47]: {
  Lua = {
    diagnostics = {
      globals = { "vim" }
    },
    workspace = {
      library = {
        ["/home/tayler/.local/share/nvim/lazy/lazy.nvim/lua/lazy"] = true,
        ["/home/tayler/.local/share/nvim/lazy/ui/nvchad_types"] = true,
        ["/tmp/.mount_nvimNXZ1YL/usr/share/nvim/runtime/lua"] = true,
        ["/tmp/.mount_nvimNXZ1YL/usr/share/nvim/runtime/lua/vim/lsp"] = true
      },
      maxPreload = 100000,
      preloadFileSize = 10000
    }
  }
}
[10:29:56.181][info] [#0:script/provider/provider.lua:61]: Load config from client	fallback
[10:29:56.182][info] [#0:script/provider/provider.lua:62]: {
  Lua = {
    diagnostics = {
      globals = { "vim" }
    },
    workspace = {
      library = {
        ["/home/tayler/.local/share/nvim/lazy/lazy.nvim/lua/lazy"] = true,
        ["/home/tayler/.local/share/nvim/lazy/ui/nvchad_types"] = true,
        ["/tmp/.mount_nvimNXZ1YL/usr/share/nvim/runtime/lua"] = true,
        ["/tmp/.mount_nvimNXZ1YL/usr/share/nvim/runtime/lua/vim/lsp"] = true
      },
      maxPreload = 100000,
      preloadFileSize = 10000
    }
  }
}
[10:29:56.182][info] [#0:script/provider/provider.lua:61]: Load config from client	fallback
[10:29:56.182][info] [#0:script/provider/provider.lua:62]: {
  Lua = {
    diagnostics = {
      globals = { "vim" }
    },
    workspace = {
      library = {
        ["/home/tayler/.local/share/nvim/lazy/lazy.nvim/lua/lazy"] = true,
        ["/home/tayler/.local/share/nvim/lazy/ui/nvchad_types"] = true,
        ["/tmp/.mount_nvimNXZ1YL/usr/share/nvim/runtime/lua"] = true,
        ["/tmp/.mount_nvimNXZ1YL/usr/share/nvim/runtime/lua/vim/lsp"] = true
      },
      maxPreload = 100000,
      preloadFileSize = 10000
    }
  }
}
[10:29:56.182][info] [#0:script/provider/provider.lua:61]: Load config from client	fallback
[10:29:56.183][info] [#0:script/provider/provider.lua:62]: {
  Lua = {
    diagnostics = {
      globals = { "vim" }
    },
    workspace = {
      library = {
        ["/home/tayler/.local/share/nvim/lazy/lazy.nvim/lua/lazy"] = true,
        ["/home/tayler/.local/share/nvim/lazy/ui/nvchad_types"] = true,
        ["/tmp/.mount_nvimNXZ1YL/usr/share/nvim/runtime/lua"] = true,
        ["/tmp/.mount_nvimNXZ1YL/usr/share/nvim/runtime/lua/vim/lsp"] = true
      },
      maxPreload = 100000,
      preloadFileSize = 10000
    }
  }
}
[10:29:56.284][info] [#0:script/library.lua:212]: Init builtin library at:	file:///home/tayler/.config/nvim
[10:29:56.345][info] [#0:script/plugin.lua:86]: plugin path:	/home/tayler/.config/nvim
[10:29:56.345][warn] [#0:script/plugin.lua:101]: plugin not found:	/home/tayler/.config/nvim
[10:29:56.345][info] [#0:script/library.lua:212]: Init builtin library at:	nil
[10:29:56.457][info] [#0:script/workspace/workspace.lua:324]: Preload start:	file:///home/tayler/.config/nvim
[10:29:56.466][info] [#0:script/workspace/workspace.lua:330]: Scan files at:	file:///home/tayler/.config/nvim
[10:29:56.470][info] [#0:script/workspace/workspace.lua:324]: Preload start:	<fallback>
[10:29:56.479][info] [#0:script/workspace/workspace.lua:353]: Scan library at:	file:///home/tayler/.local/share/nvim/mason/packages/lua-language-server/libexec/meta/Lua%205.4%20en-us%20utf8/string.lua
[10:29:56.480][info] [#0:script/workspace/workspace.lua:353]: Scan library at:	file:///home/tayler/.local/share/nvim/mason/packages/lua-language-server/libexec/meta/Lua%205.4%20en-us%20utf8/table.lua
[10:29:56.481][info] [#0:script/workspace/workspace.lua:353]: Scan library at:	file:///tmp/.mount_nvimNXZ1YL/usr/share/nvim/runtime/lua/vim/lsp
[10:29:56.488][info] [#0:script/workspace/workspace.lua:353]: Scan library at:	file:///home/tayler/.local/share/nvim/mason/packages/lua-language-server/libexec/meta/Lua%205.4%20en-us%20utf8/basic.lua
[10:29:56.489][info] [#0:script/workspace/workspace.lua:353]: Scan library at:	file:///home/tayler/.local/share/nvim/mason/packages/lua-language-server/libexec/meta/Lua%205.4%20en-us%20utf8/package.lua
[10:29:56.490][info] [#0:script/workspace/workspace.lua:353]: Scan library at:	file:///home/tayler/.local/share/nvim/mason/packages/lua-language-server/libexec/meta/Lua%205.4%20en-us%20utf8/utf8.lua
[10:29:56.490][info] [#0:script/workspace/workspace.lua:353]: Scan library at:	file:///home/tayler/.local/share/nvim/mason/packages/lua-language-server/libexec/meta/Lua%205.4%20en-us%20utf8/builtin.lua
[10:29:56.491][info] [#0:script/workspace/workspace.lua:353]: Scan library at:	file:///home/tayler/.local/share/nvim/mason/packages/lua-language-server/libexec/meta/Lua%205.4%20en-us%20utf8/math.lua
[10:29:56.491][info] [#0:script/workspace/workspace.lua:353]: Scan library at:	file:///home/tayler/.local/share/nvim/lazy/ui/nvchad_types
[10:29:56.493][info] [#0:script/workspace/workspace.lua:353]: Scan library at:	file:///home/tayler/.local/share/nvim/mason/packages/lua-language-server/libexec/meta/Lua%205.4%20en-us%20utf8/string.lua
[10:29:56.494][info] [#0:script/workspace/workspace.lua:353]: Scan library at:	file:///home/tayler/.local/share/nvim/mason/packages/lua-language-server/libexec/meta/Lua%205.4%20en-us%20utf8/io.lua
[10:29:56.494][info] [#0:script/workspace/workspace.lua:353]: Scan library at:	file:///home/tayler/.local/share/nvim/mason/packages/lua-language-server/libexec/meta/Lua%205.4%20en-us%20utf8/table.lua
[10:29:56.494][info] [#0:script/workspace/workspace.lua:353]: Scan library at:	file:///home/tayler/.local/share/nvim/lazy/lazy.nvim/lua/lazy
[10:29:56.497][info] [#0:script/workspace/workspace.lua:353]: Scan library at:	file:///tmp/.mount_nvimNXZ1YL/usr/share/nvim/runtime/lua/vim/lsp
[10:29:56.500][info] [#0:script/workspace/workspace.lua:353]: Scan library at:	file:///home/tayler/.local/share/nvim/mason/packages/lua-language-server/libexec/meta/Lua%205.4%20en-us%20utf8/basic.lua
[10:29:56.500][info] [#0:script/workspace/workspace.lua:353]: Scan library at:	file:///home/tayler/.local/share/nvim/mason/packages/lua-language-server/libexec/meta/Lua%205.4%20en-us%20utf8/package.lua
[10:29:56.500][info] [#0:script/workspace/workspace.lua:353]: Scan library at:	file:///home/tayler/.local/share/nvim/mason/packages/lua-language-server/libexec/meta/Lua%205.4%20en-us%20utf8/utf8.lua
[10:29:56.501][info] [#0:script/workspace/workspace.lua:353]: Scan library at:	file:///home/tayler/.local/share/nvim/mason/packages/lua-language-server/libexec/meta/Lua%205.4%20en-us%20utf8/builtin.lua
[10:29:56.501][info] [#0:script/workspace/workspace.lua:353]: Scan library at:	file:///home/tayler/.local/share/nvim/mason/packages/lua-language-server/libexec/meta/Lua%205.4%20en-us%20utf8/math.lua
[10:29:56.501][info] [#0:script/workspace/workspace.lua:353]: Scan library at:	file:///home/tayler/.local/share/nvim/lazy/ui/nvchad_types
[10:29:56.502][info] [#0:script/workspace/workspace.lua:353]: Scan library at:	file:///home/tayler/.local/share/nvim/mason/packages/lua-language-server/libexec/meta/Lua%205.4%20en-us%20utf8/io.lua
[10:29:56.503][info] [#0:script/workspace/workspace.lua:353]: Scan library at:	file:///home/tayler/.local/share/nvim/lazy/lazy.nvim/lua/lazy
[10:29:56.505][info] [#0:script/workspace/workspace.lua:353]: Scan library at:	file:///home/tayler/.local/share/nvim/mason/packages/lua-language-server/libexec/meta/Lua%205.4%20en-us%20utf8/os.lua
[10:29:56.505][info] [#0:script/workspace/workspace.lua:353]: Scan library at:	file:///home/tayler/.local/share/nvim/mason/packages/lua-language-server/libexec/meta/Lua%205.4%20en-us%20utf8/coroutine.lua
[10:29:56.505][info] [#0:script/workspace/workspace.lua:353]: Scan library at:	file:///home/tayler/.local/share/nvim/mason/packages/lua-language-server/libexec/meta/Lua%205.4%20en-us%20utf8/debug.lua
[10:29:56.506][info] [#0:script/workspace/workspace.lua:353]: Scan library at:	file:///tmp/.mount_nvimNXZ1YL/usr/share/nvim/runtime/lua
[10:29:56.515][info] [#0:script/workspace/workspace.lua:353]: Scan library at:	file:///home/tayler/.local/share/nvim/mason/packages/lua-language-server/libexec/meta/Lua%205.4%20en-us%20utf8/os.lua
[10:29:56.515][info] [#0:script/workspace/workspace.lua:353]: Scan library at:	file:///home/tayler/.local/share/nvim/mason/packages/lua-language-server/libexec/meta/Lua%205.4%20en-us%20utf8/coroutine.lua
[10:29:56.516][info] [#0:script/workspace/workspace.lua:353]: Scan library at:	file:///home/tayler/.local/share/nvim/mason/packages/lua-language-server/libexec/meta/Lua%205.4%20en-us%20utf8/debug.lua
[10:29:56.516][info] [#0:script/workspace/workspace.lua:353]: Scan library at:	file:///tmp/.mount_nvimNXZ1YL/usr/share/nvim/runtime/lua
[10:29:56.622][info] [#0:script/workspace/workspace.lua:379]: Found 143 files at:	<fallback>
[10:29:56.622][info] [#0:script/workspace/loading.lua:161]: Load files from disk:	<fallback>
[10:29:56.622][info] [#0:script/workspace/workspace.lua:379]: Found 158 files at:	file:///home/tayler/.config/nvim
[10:29:56.622][info] [#0:script/workspace/loading.lua:161]: Load files from disk:	file:///home/tayler/.config/nvim
[10:29:56.627][info] [#0:script/workspace/loading.lua:101]: Preload file at: file:///tmp/.mount_nvimNXZ1YL/usr/share/nvim/runtime/lua/_vim9script.lua , size = 15.439 KB
[10:29:56.659][info] [#0:script/workspace/loading.lua:113]: ++++As library of:	file:///tmp/.mount_nvimNXZ1YL/usr/share/nvim/runtime/lua
[10:29:56.659][info] [#0:script/workspace/loading.lua:98]: Skip loaded file: file:///tmp/.mount_nvimNXZ1YL/usr/share/nvim/runtime/lua/_vim9script.lua
[10:29:56.659][info] [#0:script/workspace/loading.lua:101]: Preload file at: file:///tmp/.mount_nvimNXZ1YL/usr/share/nvim/runtime/lua/editorconfig.lua , size = 7.479 KB
[10:29:56.671][info] [#0:script/workspace/loading.lua:113]: ++++As library of:	file:///tmp/.mount_nvimNXZ1YL/usr/share/nvim/runtime/lua
[10:29:56.671][info] [#0:script/workspace/loading.lua:98]: Skip loaded file: file:///tmp/.mount_nvimNXZ1YL/usr/share/nvim/runtime/lua/editorconfig.lua
[10:29:56.671][info] [#0:script/workspace/loading.lua:101]: Preload file at: file:///tmp/.mount_nvimNXZ1YL/usr/share/nvim/runtime/lua/jit/bc.lua , size = 5.417 KB
[10:29:56.675][info] [#0:script/workspace/loading.lua:113]: ++++As library of:	file:///tmp/.mount_nvimNXZ1YL/usr/share/nvim/runtime/lua
[10:29:56.676][info] [#0:script/workspace/loading.lua:98]: Skip loaded file: file:///tmp/.mount_nvimNXZ1YL/usr/share/nvim/runtime/lua/jit/bc.lua
[10:29:56.676][info] [#0:script/workspace/loading.lua:101]: Preload file at: file:///tmp/.mount_nvimNXZ1YL/usr/share/nvim/runtime/lua/jit/bcsave.lua , size = 19.096 KB
[10:29:56.688][info] [#0:script/workspace/loading.lua:113]: ++++As library of:	file:///tmp/.mount_nvimNXZ1YL/usr/share/nvim/runtime/lua
[10:29:56.688][info] [#0:script/workspace/loading.lua:98]: Skip loaded file: file:///tmp/.mount_nvimNXZ1YL/usr/share/nvim/runtime/lua/jit/bcsave.lua
[10:29:56.689][info] [#0:script/workspace/loading.lua:101]: Preload file at: file:///tmp/.mount_nvimNXZ1YL/usr/share/nvim/runtime/lua/jit/dis_arm.lua , size = 18.891 KB
[10:29:56.704][info] [#0:script/workspace/loading.lua:113]: ++++As library of:	file:///tmp/.mount_nvimNXZ1YL/usr/share/nvim/runtime/lua
[10:29:56.704][info] [#0:script/workspace/loading.lua:98]: Skip loaded file: file:///tmp/.mount_nvimNXZ1YL/usr/share/nvim/runtime/lua/jit/dis_arm.lua
[10:29:56.704][info] [#0:script/workspace/loading.lua:101]: Preload file at: file:///tmp/.mount_nvimNXZ1YL/usr/share/nvim/runtime/lua/jit/dis_arm64.lua , size = 30.163 KB
[10:29:56.726][info] [#0:script/workspace/loading.lua:113]: ++++As library of:	file:///tmp/.mount_nvimNXZ1YL/usr/share/nvim/runtime/lua
[10:29:56.726][info] [#0:script/workspace/loading.lua:98]: Skip loaded file: file:///tmp/.mount_nvimNXZ1YL/usr/share/nvim/runtime/lua/jit/dis_arm64.lua
[10:29:56.726][info] [#0:script/workspace/loading.lua:101]: Preload file at: file:///tmp/.mount_nvimNXZ1YL/usr/share/nvim/runtime/lua/jit/dis_arm64be.lua , size = 0.604 KB
[10:29:56.727][info] [#0:script/workspace/loading.lua:113]: ++++As library of:	file:///tmp/.mount_nvimNXZ1YL/usr/share/nvim/runtime/lua
[10:29:56.727][info] [#0:script/workspace/loading.lua:98]: Skip loaded file: file:///tmp/.mount_nvimNXZ1YL/usr/share/nvim/runtime/lua/jit/dis_arm64be.lua
[10:29:56.727][info] [#0:script/workspace/loading.lua:101]: Preload file at: file:///tmp/.mount_nvimNXZ1YL/usr/share/nvim/runtime/lua/jit/dis_mips.lua , size = 21.494 KB
[10:29:56.745][info] [#0:script/workspace/loading.lua:113]: ++++As library of:	file:///tmp/.mount_nvimNXZ1YL/usr/share/nvim/runtime/lua
[10:29:56.745][info] [#0:script/workspace/loading.lua:98]: Skip loaded file: file:///tmp/.mount_nvimNXZ1YL/usr/share/nvim/runtime/lua/jit/dis_mips.lua
[10:29:56.745][info] [#0:script/workspace/loading.lua:101]: Preload file at: file:///tmp/.mount_nvimNXZ1YL/usr/share/nvim/runtime/lua/jit/dis_mips64.lua , size = 0.689 KB
[10:29:56.745][info] [#0:script/workspace/loading.lua:113]: ++++As library of:	file:///tmp/.mount_nvimNXZ1YL/usr/share/nvim/runtime/lua
[10:29:56.745][info] [#0:script/workspace/loading.lua:98]: Skip loaded file: file:///tmp/.mount_nvimNXZ1YL/usr/share/nvim/runtime/lua/jit/dis_mips64.lua
[10:29:56.745][info] [#0:script/workspace/loading.lua:101]: Preload file at: file:///tmp/.mount_nvimNXZ1YL/usr/share/nvim/runtime/lua/jit/dis_mips64el.lua , size = 0.700 KB
[10:29:56.746][info] [#0:script/workspace/loading.lua:113]: ++++As library of:	file:///tmp/.mount_nvimNXZ1YL/usr/share/nvim/runtime/lua
[10:29:56.746][info] [#0:script/workspace/loading.lua:98]: Skip loaded file: file:///tmp/.mount_nvimNXZ1YL/usr/share/nvim/runtime/lua/jit/dis_mips64el.lua
[10:29:56.746][info] [#0:script/workspace/loading.lua:101]: Preload file at: file:///tmp/.mount_nvimNXZ1YL/usr/share/nvim/runtime/lua/jit/dis_mips64r6.lua , size = 0.700 KB
[10:29:56.746][info] [#0:script/workspace/loading.lua:113]: ++++As library of:	file:///tmp/.mount_nvimNXZ1YL/usr/share/nvim/runtime/lua
[10:29:56.746][info] [#0:script/workspace/loading.lua:98]: Skip loaded file: file:///tmp/.mount_nvimNXZ1YL/usr/share/nvim/runtime/lua/jit/dis_mips64r6.lua
[10:29:56.746][info] [#0:script/workspace/loading.lua:101]: Preload file at: file:///tmp/.mount_nvimNXZ1YL/usr/share/nvim/runtime/lua/jit/dis_mips64r6el.lua , size = 0.711 KB
[10:29:56.747][info] [#0:script/workspace/loading.lua:113]: ++++As library of:	file:///tmp/.mount_nvimNXZ1YL/usr/share/nvim/runtime/lua
[10:29:56.747][info] [#0:script/workspace/loading.lua:98]: Skip loaded file: file:///tmp/.mount_nvimNXZ1YL/usr/share/nvim/runtime/lua/jit/dis_mips64r6el.lua
[10:29:56.747][info] [#0:script/workspace/loading.lua:101]: Preload file at: file:///tmp/.mount_nvimNXZ1YL/usr/share/nvim/runtime/lua/jit/dis_mipsel.lua , size = 0.698 KB
[10:29:56.747][info] [#0:script/workspace/loading.lua:113]: ++++As library of:	file:///tmp/.mount_nvimNXZ1YL/usr/share/nvim/runtime/lua
[10:29:56.747][info] [#0:script/workspace/loading.lua:98]: Skip loaded file: file:///tmp/.mount_nvimNXZ1YL/usr/share/nvim/runtime/lua/jit/dis_mipsel.lua
[10:29:56.747][info] [#0:script/workspace/loading.lua:101]: Preload file at: file:///tmp/.mount_nvimNXZ1YL/usr/share/nvim/runtime/lua/jit/dis_ppc.lua , size = 19.825 KB
[10:29:56.759][info] [#0:script/workspace/loading.lua:113]: ++++As library of:	file:///tmp/.mount_nvimNXZ1YL/usr/share/nvim/runtime/lua
[10:29:56.759][info] [#0:script/workspace/loading.lua:98]: Skip loaded file: file:///tmp/.mount_nvimNXZ1YL/usr/share/nvim/runtime/lua/jit/dis_ppc.lua
[10:29:56.759][info] [#0:script/workspace/loading.lua:101]: Preload file at: file:///tmp/.mount_nvimNXZ1YL/usr/share/nvim/runtime/lua/jit/dis_x64.lua , size = 0.695 KB
[10:29:56.760][info] [#0:script/workspace/loading.lua:113]: ++++As library of:	file:///tmp/.mount_nvimNXZ1YL/usr/share/nvim/runtime/lua
[10:29:56.760][info] [#0:script/workspace/loading.lua:98]: Skip loaded file: file:///tmp/.mount_nvimNXZ1YL/usr/share/nvim/runtime/lua/jit/dis_x64.lua
[10:29:56.760][info] [#0:script/workspace/loading.lua:101]: Preload file at: file:///tmp/.mount_nvimNXZ1YL/usr/share/nvim/runtime/lua/jit/dis_x86.lua , size = 33.033 KB
[10:29:56.788][info] [#0:script/workspace/loading.lua:113]: ++++As library of:	file:///tmp/.mount_nvimNXZ1YL/usr/share/nvim/runtime/lua
[10:29:56.788][info] [#0:script/workspace/loading.lua:98]: Skip loaded file: file:///tmp/.mount_nvimNXZ1YL/usr/share/nvim/runtime/lua/jit/dis_x86.lua
[10:29:56.788][info] [#0:script/workspace/loading.lua:101]: Preload file at: file:///tmp/.mount_nvimNXZ1YL/usr/share/nvim/runtime/lua/jit/dump.lua , size = 20.130 KB
[10:29:56.802][info] [#0:script/workspace/loading.lua:113]: ++++As library of:	file:///tmp/.mount_nvimNXZ1YL/usr/share/nvim/runtime/lua
[10:29:56.802][info] [#0:script/workspace/loading.lua:98]: Skip loaded file: file:///tmp/.mount_nvimNXZ1YL/usr/share/nvim/runtime/lua/jit/dump.lua
[10:29:56.802][info] [#0:script/workspace/loading.lua:101]: Preload file at: file:///tmp/.mount_nvimNXZ1YL/usr/share/nvim/runtime/lua/jit/p.lua , size = 8.891 KB
[10:29:56.807][info] [#0:script/workspace/loading.lua:113]: ++++As library of:	file:///tmp/.mount_nvimNXZ1YL/usr/share/nvim/runtime/lua
[10:29:56.807][info] [#0:script/workspace/loading.lua:98]: Skip loaded file: file:///tmp/.mount_nvimNXZ1YL/usr/share/nvim/runtime/lua/jit/p.lua
[10:29:56.807][info] [#0:script/workspace/loading.lua:101]: Preload file at: file:///tmp/.mount_nvimNXZ1YL/usr/share/nvim/runtime/lua/jit/v.lua , size = 5.576 KB
[10:29:56.810][info] [#0:script/workspace/loading.lua:113]: ++++As library of:	file:///tmp/.mount_nvimNXZ1YL/usr/share/nvim/runtime/lua
[10:29:56.810][info] [#0:script/workspace/loading.lua:98]: Skip loaded file: file:///tmp/.mount_nvimNXZ1YL/usr/share/nvim/runtime/lua/jit/v.lua
[10:29:56.810][info] [#0:script/workspace/loading.lua:101]: Preload file at: file:///tmp/.mount_nvimNXZ1YL/usr/share/nvim/runtime/lua/jit/vmdef.lua , size = 7.920 KB
[10:29:56.813][info] [#0:script/workspace/loading.lua:113]: ++++As library of:	file:///tmp/.mount_nvimNXZ1YL/usr/share/nvim/runtime/lua
[10:29:56.813][info] [#0:script/workspace/loading.lua:98]: Skip loaded file: file:///tmp/.mount_nvimNXZ1YL/usr/share/nvim/runtime/lua/jit/vmdef.lua
[10:29:56.813][info] [#0:script/workspace/loading.lua:101]: Preload file at: file:///tmp/.mount_nvimNXZ1YL/usr/share/nvim/runtime/lua/jit/zone.lua , size = 0.979 KB
[10:29:56.813][info] [#0:script/workspace/loading.lua:113]: ++++As library of:	file:///tmp/.mount_nvimNXZ1YL/usr/share/nvim/runtime/lua
[10:29:56.813][info] [#0:script/workspace/loading.lua:98]: Skip loaded file: file:///tmp/.mount_nvimNXZ1YL/usr/share/nvim/runtime/lua/jit/zone.lua
[10:29:56.813][info] [#0:script/workspace/loading.lua:101]: Preload file at: file:///tmp/.mount_nvimNXZ1YL/usr/share/nvim/runtime/lua/man.lua , size = 25.082 KB
[10:29:56.829][info] [#0:script/workspace/loading.lua:113]: ++++As library of:	file:///tmp/.mount_nvimNXZ1YL/usr/share/nvim/runtime/lua
[10:29:56.829][info] [#0:script/workspace/loading.lua:98]: Skip loaded file: file:///tmp/.mount_nvimNXZ1YL/usr/share/nvim/runtime/lua/man.lua
[10:29:56.829][info] [#0:script/workspace/loading.lua:101]: Preload file at: file:///tmp/.mount_nvimNXZ1YL/usr/share/nvim/runtime/lua/nvim/health.lua , size = 12.706 KB
[10:29:56.837][info] [#0:script/workspace/loading.lua:113]: ++++As library of:	file:///tmp/.mount_nvimNXZ1YL/usr/share/nvim/runtime/lua
[10:29:56.837][info] [#0:script/workspace/loading.lua:98]: Skip loaded file: file:///tmp/.mount_nvimNXZ1YL/usr/share/nvim/runtime/lua/nvim/health.lua
[10:29:56.837][info] [#0:script/workspace/loading.lua:101]: Preload file at: file:///tmp/.mount_nvimNXZ1YL/usr/share/nvim/runtime/lua/vim/F.lua , size = 0.824 KB
[10:29:56.838][info] [#0:script/workspace/loading.lua:113]: ++++As library of:	file:///tmp/.mount_nvimNXZ1YL/usr/share/nvim/runtime/lua
[10:29:56.838][info] [#0:script/workspace/loading.lua:98]: Skip loaded file: file:///tmp/.mount_nvimNXZ1YL/usr/share/nvim/runtime/lua/vim/F.lua
[10:29:56.838][info] [#0:script/workspace/loading.lua:101]: Preload file at: file:///tmp/.mount_nvimNXZ1YL/usr/share/nvim/runtime/lua/vim/_editor.lua , size = 29.364 KB
[10:29:56.855][info] [#0:script/workspace/loading.lua:113]: ++++As library of:	file:///tmp/.mount_nvimNXZ1YL/usr/share/nvim/runtime/lua
[10:29:56.855][info] [#0:script/workspace/loading.lua:98]: Skip loaded file: file:///tmp/.mount_nvimNXZ1YL/usr/share/nvim/runtime/lua/vim/_editor.lua
[10:29:56.855][info] [#0:script/workspace/loading.lua:101]: Preload file at: file:///tmp/.mount_nvimNXZ1YL/usr/share/nvim/runtime/lua/vim/_init_packages.lua , size = 2.773 KB
[10:29:56.857][info] [#0:script/workspace/loading.lua:113]: ++++As library of:	file:///tmp/.mount_nvimNXZ1YL/usr/share/nvim/runtime/lua
[10:29:56.857][info] [#0:script/workspace/loading.lua:98]: Skip loaded file: file:///tmp/.mount_nvimNXZ1YL/usr/share/nvim/runtime/lua/vim/_init_packages.lua
[10:29:56.857][info] [#0:script/workspace/loading.lua:101]: Preload file at: file:///tmp/.mount_nvimNXZ1YL/usr/share/nvim/runtime/lua/vim/_inspector.lua , size = 7.915 KB
[10:29:56.862][info] [#0:script/workspace/loading.lua:113]: ++++As library of:	file:///tmp/.mount_nvimNXZ1YL/usr/share/nvim/runtime/lua
[10:29:56.862][info] [#0:script/workspace/loading.lua:98]: Skip loaded file: file:///tmp/.mount_nvimNXZ1YL/usr/share/nvim/runtime/lua/vim/_inspector.lua
[10:29:56.862][info] [#0:script/workspace/loading.lua:101]: Preload file at: file:///tmp/.mount_nvimNXZ1YL/usr/share/nvim/runtime/lua/vim/_options.lua , size = 12.261 KB
[10:29:56.881][info] [#0:script/workspace/loading.lua:113]: ++++As library of:	file:///tmp/.mount_nvimNXZ1YL/usr/share/nvim/runtime/lua
[10:29:56.881][info] [#0:script/workspace/loading.lua:98]: Skip loaded file: file:///tmp/.mount_nvimNXZ1YL/usr/share/nvim/runtime/lua/vim/_options.lua
[10:29:56.881][info] [#0:script/workspace/loading.lua:101]: Preload file at: file:///tmp/.mount_nvimNXZ1YL/usr/share/nvim/runtime/lua/vim/_watch.lua , size = 5.387 KB
[10:29:56.884][info] [#0:script/workspace/loading.lua:113]: ++++As library of:	file:///tmp/.mount_nvimNXZ1YL/usr/share/nvim/runtime/lua
[10:29:56.884][info] [#0:script/workspace/loading.lua:98]: Skip loaded file: file:///tmp/.mount_nvimNXZ1YL/usr/share/nvim/runtime/lua/vim/_watch.lua
[10:29:56.884][info] [#0:script/workspace/loading.lua:101]: Preload file at: file:///tmp/.mount_nvimNXZ1YL/usr/share/nvim/runtime/lua/vim/diagnostic.lua , size = 56.640 KB
[10:29:56.912][info] [#0:script/workspace/loading.lua:113]: ++++As library of:	file:///tmp/.mount_nvimNXZ1YL/usr/share/nvim/runtime/lua
[10:29:56.912][info] [#0:script/workspace/loading.lua:98]: Skip loaded file: file:///tmp/.mount_nvimNXZ1YL/usr/share/nvim/runtime/lua/vim/diagnostic.lua
[10:29:56.912][info] [#0:script/workspace/loading.lua:101]: Preload file at: file:///tmp/.mount_nvimNXZ1YL/usr/share/nvim/runtime/lua/vim/filetype/detect.lua , size = 47.659 KB
[10:29:56.938][info] [#0:script/workspace/loading.lua:113]: ++++As library of:	file:///tmp/.mount_nvimNXZ1YL/usr/share/nvim/runtime/lua
[10:29:56.939][info] [#0:script/workspace/loading.lua:101]: Preload file at: file:///tmp/.mount_nvimNXZ1YL/usr/share/nvim/runtime/lua/vim/filetype/options.lua , size = 2.561 KB
[10:29:56.941][info] [#0:script/workspace/loading.lua:113]: ++++As library of:	file:///tmp/.mount_nvimNXZ1YL/usr/share/nvim/runtime/lua
[10:29:56.941][info] [#0:script/workspace/loading.lua:98]: Skip loaded file: file:///tmp/.mount_nvimNXZ1YL/usr/share/nvim/runtime/lua/vim/filetype/detect.lua
[10:29:56.941][info] [#0:script/workspace/loading.lua:98]: Skip loaded file: file:///tmp/.mount_nvimNXZ1YL/usr/share/nvim/runtime/lua/vim/filetype/options.lua
[10:29:56.941][info] [#0:script/workspace/loading.lua:101]: Preload file at: file:///tmp/.mount_nvimNXZ1YL/usr/share/nvim/runtime/lua/vim/filetype.lua , size = 74.400 KB
[10:29:56.996][info] [#0:script/workspace/loading.lua:113]: ++++As library of:	file:///tmp/.mount_nvimNXZ1YL/usr/share/nvim/runtime/lua
[10:29:56.997][info] [#0:script/workspace/loading.lua:98]: Skip loaded file: file:///tmp/.mount_nvimNXZ1YL/usr/share/nvim/runtime/lua/vim/filetype.lua
[10:29:56.997][info] [#0:script/workspace/loading.lua:101]: Preload file at: file:///tmp/.mount_nvimNXZ1YL/usr/share/nvim/runtime/lua/vim/fs.lua , size = 10.702 KB
[10:29:57.003][info] [#0:script/workspace/loading.lua:113]: ++++As library of:	file:///tmp/.mount_nvimNXZ1YL/usr/share/nvim/runtime/lua
[10:29:57.003][info] [#0:script/workspace/loading.lua:101]: Preload file at: file:///tmp/.mount_nvimNXZ1YL/usr/share/nvim/runtime/lua/vim/health.lua , size = 1.782 KB
[10:29:57.005][info] [#0:script/workspace/loading.lua:113]: ++++As library of:	file:///tmp/.mount_nvimNXZ1YL/usr/share/nvim/runtime/lua
[10:29:57.005][info] [#0:script/workspace/loading.lua:98]: Skip loaded file: file:///tmp/.mount_nvimNXZ1YL/usr/share/nvim/runtime/lua/vim/health.lua
[10:29:57.005][info] [#0:script/workspace/loading.lua:101]: Preload file at: file:///tmp/.mount_nvimNXZ1YL/usr/share/nvim/runtime/lua/vim/highlight.lua , size = 3.749 KB
[10:29:57.007][info] [#0:script/workspace/loading.lua:113]: ++++As library of:	file:///tmp/.mount_nvimNXZ1YL/usr/share/nvim/runtime/lua
[10:29:57.008][info] [#0:script/workspace/loading.lua:98]: Skip loaded file: file:///tmp/.mount_nvimNXZ1YL/usr/share/nvim/runtime/lua/vim/fs.lua
[10:29:57.008][info] [#0:script/workspace/loading.lua:98]: Skip loaded file: file:///tmp/.mount_nvimNXZ1YL/usr/share/nvim/runtime/lua/vim/highlight.lua
[10:29:57.008][info] [#0:script/workspace/loading.lua:101]: Preload file at: file:///tmp/.mount_nvimNXZ1YL/usr/share/nvim/runtime/lua/vim/inspect.lua , size = 8.864 KB
[10:29:57.013][info] [#0:script/workspace/loading.lua:113]: ++++As library of:	file:///tmp/.mount_nvimNXZ1YL/usr/share/nvim/runtime/lua
[10:29:57.013][info] [#0:script/workspace/loading.lua:98]: Skip loaded file: file:///tmp/.mount_nvimNXZ1YL/usr/share/nvim/runtime/lua/vim/inspect.lua
[10:29:57.013][info] [#0:script/workspace/loading.lua:101]: Preload file at: file:///tmp/.mount_nvimNXZ1YL/usr/share/nvim/runtime/lua/vim/keymap.lua , size = 3.573 KB
[10:29:57.016][info] [#0:script/workspace/loading.lua:113]: ++++As library of:	file:///tmp/.mount_nvimNXZ1YL/usr/share/nvim/runtime/lua
[10:29:57.016][info] [#0:script/workspace/loading.lua:101]: Preload file at: file:///tmp/.mount_nvimNXZ1YL/usr/share/nvim/runtime/lua/vim/loader.lua , size = 16.182 KB
[10:29:57.027][info] [#0:script/workspace/loading.lua:113]: ++++As library of:	file:///tmp/.mount_nvimNXZ1YL/usr/share/nvim/runtime/lua
[10:29:57.027][info] [#0:script/workspace/loading.lua:98]: Skip loaded file: file:///tmp/.mount_nvimNXZ1YL/usr/share/nvim/runtime/lua/vim/keymap.lua
[10:29:57.027][info] [#0:script/workspace/loading.lua:98]: Skip loaded file: file:///tmp/.mount_nvimNXZ1YL/usr/share/nvim/runtime/lua/vim/loader.lua
[10:29:57.027][info] [#0:script/workspace/loading.lua:101]: Preload file at: file:///tmp/.mount_nvimNXZ1YL/usr/share/nvim/runtime/lua/vim/lsp/_snippet.lua , size = 10.744 KB
[10:29:57.035][info] [#0:script/workspace/loading.lua:113]: ++++As library of:	file:///tmp/.mount_nvimNXZ1YL/usr/share/nvim/runtime/lua
[10:29:57.035][info] [#0:script/workspace/loading.lua:101]: Preload file at: file:///tmp/.mount_nvimNXZ1YL/usr/share/nvim/runtime/lua/vim/lsp/_watchfiles.lua , size = 9.692 KB
[10:29:57.041][info] [#0:script/workspace/loading.lua:113]: ++++As library of:	file:///tmp/.mount_nvimNXZ1YL/usr/share/nvim/runtime/lua
[10:29:57.041][info] [#0:script/workspace/loading.lua:98]: Skip loaded file: file:///tmp/.mount_nvimNXZ1YL/usr/share/nvim/runtime/lua/vim/lsp/_watchfiles.lua
[10:29:57.041][info] [#0:script/workspace/loading.lua:98]: Skip loaded file: file:///tmp/.mount_nvimNXZ1YL/usr/share/nvim/runtime/lua/vim/lsp/_snippet.lua
[10:29:57.041][info] [#0:script/workspace/loading.lua:101]: Preload file at: file:///tmp/.mount_nvimNXZ1YL/usr/share/nvim/runtime/lua/vim/lsp/buf.lua , size = 27.969 KB
[10:29:57.054][info] [#0:script/workspace/loading.lua:113]: ++++As library of:	file:///tmp/.mount_nvimNXZ1YL/usr/share/nvim/runtime/lua
[10:29:57.054][info] [#0:script/workspace/loading.lua:98]: Skip loaded file: file:///tmp/.mount_nvimNXZ1YL/usr/share/nvim/runtime/lua/vim/lsp/buf.lua
[10:29:57.055][info] [#0:script/workspace/loading.lua:101]: Preload file at: file:///tmp/.mount_nvimNXZ1YL/usr/share/nvim/runtime/lua/vim/lsp/codelens.lua , size = 8.554 KB
[10:29:57.060][info] [#0:script/workspace/loading.lua:113]: ++++As library of:	file:///tmp/.mount_nvimNXZ1YL/usr/share/nvim/runtime/lua
[10:29:57.060][info] [#0:script/workspace/loading.lua:101]: Preload file at: file:///tmp/.mount_nvimNXZ1YL/usr/share/nvim/runtime/lua/vim/lsp/diagnostic.lua , size = 8.867 KB
[10:29:57.066][info] [#0:script/workspace/loading.lua:113]: ++++As library of:	file:///tmp/.mount_nvimNXZ1YL/usr/share/nvim/runtime/lua
[10:29:57.066][info] [#0:script/workspace/loading.lua:98]: Skip loaded file: file:///tmp/.mount_nvimNXZ1YL/usr/share/nvim/runtime/lua/vim/lsp/diagnostic.lua
[10:29:57.066][info] [#0:script/workspace/loading.lua:98]: Skip loaded file: file:///tmp/.mount_nvimNXZ1YL/usr/share/nvim/runtime/lua/vim/lsp/codelens.lua
[10:29:57.066][info] [#0:script/workspace/loading.lua:101]: Preload file at: file:///tmp/.mount_nvimNXZ1YL/usr/share/nvim/runtime/lua/vim/lsp/handlers.lua , size = 23.587 KB
[10:29:57.078][info] [#0:script/workspace/loading.lua:113]: ++++As library of:	file:///tmp/.mount_nvimNXZ1YL/usr/share/nvim/runtime/lua
[10:29:57.078][info] [#0:script/workspace/loading.lua:98]: Skip loaded file: file:///tmp/.mount_nvimNXZ1YL/usr/share/nvim/runtime/lua/vim/lsp/handlers.lua
[10:29:57.078][info] [#0:script/workspace/loading.lua:101]: Preload file at: file:///tmp/.mount_nvimNXZ1YL/usr/share/nvim/runtime/lua/vim/lsp/health.lua , size = 1.240 KB
[10:29:57.079][info] [#0:script/workspace/loading.lua:113]: ++++As library of:	file:///tmp/.mount_nvimNXZ1YL/usr/share/nvim/runtime/lua
[10:29:57.079][info] [#0:script/workspace/loading.lua:98]: Skip loaded file: file:///tmp/.mount_nvimNXZ1YL/usr/share/nvim/runtime/lua/vim/lsp/health.lua
[10:29:57.079][info] [#0:script/workspace/loading.lua:101]: Preload file at: file:///tmp/.mount_nvimNXZ1YL/usr/share/nvim/runtime/lua/vim/lsp/log.lua , size = 5.151 KB
[10:29:57.082][info] [#0:script/workspace/loading.lua:113]: ++++As library of:	file:///tmp/.mount_nvimNXZ1YL/usr/share/nvim/runtime/lua
[10:29:57.082][info] [#0:script/workspace/loading.lua:101]: Preload file at: file:///tmp/.mount_nvimNXZ1YL/usr/share/nvim/runtime/lua/vim/lsp/protocol.lua , size = 28.367 KB
[10:29:57.089][info] [#0:script/workspace/loading.lua:113]: ++++As library of:	file:///tmp/.mount_nvimNXZ1YL/usr/share/nvim/runtime/lua
[10:29:57.089][info] [#0:script/workspace/loading.lua:98]: Skip loaded file: file:///tmp/.mount_nvimNXZ1YL/usr/share/nvim/runtime/lua/vim/lsp/protocol.lua
[10:29:57.089][info] [#0:script/workspace/loading.lua:101]: Preload file at: file:///tmp/.mount_nvimNXZ1YL/usr/share/nvim/runtime/lua/vim/lsp/rpc.lua , size = 23.695 KB
[10:29:57.103][info] [#0:script/workspace/loading.lua:113]: ++++As library of:	file:///tmp/.mount_nvimNXZ1YL/usr/share/nvim/runtime/lua
[10:29:57.103][info] [#0:script/workspace/loading.lua:98]: Skip loaded file: file:///tmp/.mount_nvimNXZ1YL/usr/share/nvim/runtime/lua/vim/lsp/rpc.lua
[10:29:57.103][info] [#0:script/workspace/loading.lua:101]: Preload file at: file:///tmp/.mount_nvimNXZ1YL/usr/share/nvim/runtime/lua/vim/lsp/semantic_tokens.lua , size = 25.936 KB
[10:29:57.116][info] [#0:script/workspace/loading.lua:113]: ++++As library of:	file:///tmp/.mount_nvimNXZ1YL/usr/share/nvim/runtime/lua
[10:29:57.116][info] [#0:script/workspace/loading.lua:98]: Skip loaded file: file:///tmp/.mount_nvimNXZ1YL/usr/share/nvim/runtime/lua/vim/lsp/semantic_tokens.lua
[10:29:57.116][info] [#0:script/workspace/loading.lua:101]: Preload file at: file:///tmp/.mount_nvimNXZ1YL/usr/share/nvim/runtime/lua/vim/lsp/sync.lua , size = 15.681 KB
[10:29:57.123][info] [#0:script/workspace/loading.lua:113]: ++++As library of:	file:///tmp/.mount_nvimNXZ1YL/usr/share/nvim/runtime/lua
[10:29:57.123][info] [#0:script/workspace/loading.lua:98]: Skip loaded file: file:///tmp/.mount_nvimNXZ1YL/usr/share/nvim/runtime/lua/vim/lsp/log.lua
[10:29:57.123][info] [#0:script/workspace/loading.lua:98]: Skip loaded file: file:///tmp/.mount_nvimNXZ1YL/usr/share/nvim/runtime/lua/vim/lsp/sync.lua
[10:29:57.123][info] [#0:script/workspace/loading.lua:101]: Preload file at: file:///tmp/.mount_nvimNXZ1YL/usr/share/nvim/runtime/lua/vim/lsp/tagfunc.lua , size = 2.339 KB
[10:29:57.125][info] [#0:script/workspace/loading.lua:113]: ++++As library of:	file:///tmp/.mount_nvimNXZ1YL/usr/share/nvim/runtime/lua
[10:29:57.125][info] [#0:script/workspace/loading.lua:101]: Preload file at: file:///tmp/.mount_nvimNXZ1YL/usr/share/nvim/runtime/lua/vim/lsp/types.lua , size = 0.924 KB
[10:29:57.126][info] [#0:script/workspace/loading.lua:113]: ++++As library of:	file:///tmp/.mount_nvimNXZ1YL/usr/share/nvim/runtime/lua
[10:29:57.126][info] [#0:script/workspace/loading.lua:98]: Skip loaded file: file:///tmp/.mount_nvimNXZ1YL/usr/share/nvim/runtime/lua/vim/lsp/tagfunc.lua
[10:29:57.126][info] [#0:script/workspace/loading.lua:98]: Skip loaded file: file:///tmp/.mount_nvimNXZ1YL/usr/share/nvim/runtime/lua/vim/lsp/types.lua
[10:29:57.126][info] [#0:script/workspace/loading.lua:101]: Preload file at: file:///tmp/.mount_nvimNXZ1YL/usr/share/nvim/runtime/lua/vim/lsp/util.lua , size = 70.764 KB
[10:29:57.190][info] [#0:script/workspace/loading.lua:113]: ++++As library of:	file:///tmp/.mount_nvimNXZ1YL/usr/share/nvim/runtime/lua
[10:29:57.190][info] [#0:script/workspace/loading.lua:98]: Skip loaded file: file:///tmp/.mount_nvimNXZ1YL/usr/share/nvim/runtime/lua/vim/lsp/util.lua
[10:29:57.190][info] [#0:script/workspace/loading.lua:101]: Preload file at: file:///tmp/.mount_nvimNXZ1YL/usr/share/nvim/runtime/lua/vim/lsp.lua , size = 82.377 KB
[10:29:57.227][info] [#0:script/workspace/loading.lua:113]: ++++As library of:	file:///tmp/.mount_nvimNXZ1YL/usr/share/nvim/runtime/lua
[10:29:57.227][info] [#0:script/workspace/loading.lua:98]: Skip loaded file: file:///tmp/.mount_nvimNXZ1YL/usr/share/nvim/runtime/lua/vim/lsp.lua
[10:29:57.228][info] [#0:script/workspace/loading.lua:101]: Preload file at: file:///tmp/.mount_nvimNXZ1YL/usr/share/nvim/runtime/lua/vim/secure.lua , size = 4.830 KB
[10:29:57.231][info] [#0:script/workspace/loading.lua:113]: ++++As library of:	file:///tmp/.mount_nvimNXZ1YL/usr/share/nvim/runtime/lua
[10:29:57.231][info] [#0:script/workspace/loading.lua:98]: Skip loaded file: file:///tmp/.mount_nvimNXZ1YL/usr/share/nvim/runtime/lua/vim/secure.lua
[10:29:57.231][info] [#0:script/workspace/loading.lua:101]: Preload file at: file:///tmp/.mount_nvimNXZ1YL/usr/share/nvim/runtime/lua/vim/shared.lua , size = 22.292 KB
[10:29:57.244][info] [#0:script/workspace/loading.lua:113]: ++++As library of:	file:///tmp/.mount_nvimNXZ1YL/usr/share/nvim/runtime/lua
[10:29:57.244][info] [#0:script/workspace/loading.lua:98]: Skip loaded file: file:///tmp/.mount_nvimNXZ1YL/usr/share/nvim/runtime/lua/vim/shared.lua
[10:29:57.244][info] [#0:script/workspace/loading.lua:101]: Preload file at: file:///tmp/.mount_nvimNXZ1YL/usr/share/nvim/runtime/lua/vim/treesitter/_fold.lua , size = 8.207 KB
[10:29:57.250][info] [#0:script/workspace/loading.lua:113]: ++++As library of:	file:///tmp/.mount_nvimNXZ1YL/usr/share/nvim/runtime/lua
[10:29:57.250][info] [#0:script/workspace/loading.lua:98]: Skip loaded file: file:///tmp/.mount_nvimNXZ1YL/usr/share/nvim/runtime/lua/vim/treesitter/_fold.lua
[10:29:57.250][info] [#0:script/workspace/loading.lua:101]: Preload file at: file:///tmp/.mount_nvimNXZ1YL/usr/share/nvim/runtime/lua/vim/treesitter/_meta.lua , size = 2.839 KB
[10:29:57.252][info] [#0:script/workspace/loading.lua:113]: ++++As library of:	file:///tmp/.mount_nvimNXZ1YL/usr/share/nvim/runtime/lua
[10:29:57.253][info] [#0:script/workspace/loading.lua:98]: Skip loaded file: file:///tmp/.mount_nvimNXZ1YL/usr/share/nvim/runtime/lua/vim/treesitter/_meta.lua
[10:29:57.253][info] [#0:script/workspace/loading.lua:101]: Preload file at: file:///tmp/.mount_nvimNXZ1YL/usr/share/nvim/runtime/lua/vim/treesitter/_range.lua , size = 3.646 KB
[10:29:57.256][info] [#0:script/workspace/loading.lua:113]: ++++As library of:	file:///tmp/.mount_nvimNXZ1YL/usr/share/nvim/runtime/lua
[10:29:57.256][info] [#0:script/workspace/loading.lua:98]: Skip loaded file: file:///tmp/.mount_nvimNXZ1YL/usr/share/nvim/runtime/lua/vim/treesitter/_range.lua
[10:29:57.256][info] [#0:script/workspace/loading.lua:101]: Preload file at: file:///tmp/.mount_nvimNXZ1YL/usr/share/nvim/runtime/lua/vim/treesitter/health.lua , size = 0.888 KB
[10:29:57.257][info] [#0:script/workspace/loading.lua:113]: ++++As library of:	file:///tmp/.mount_nvimNXZ1YL/usr/share/nvim/runtime/lua
[10:29:57.257][info] [#0:script/workspace/loading.lua:89]: Skip loaded file: file:///tmp/.mount_nvimNXZ1YL/usr/share/nvim/runtime/lua/vim/treesitter/health.lua
[10:29:57.257][info] [#0:script/workspace/loading.lua:113]: ++++As library of:	file:///tmp/.mount_nvimNXZ1YL/usr/share/nvim/runtime/lua
[10:29:57.258][info] [#0:script/workspace/loading.lua:101]: Preload file at: file:///tmp/.mount_nvimNXZ1YL/usr/share/nvim/runtime/lua/vim/treesitter/highlighter.lua , size = 8.781 KB
[10:29:57.265][info] [#0:script/workspace/loading.lua:113]: ++++As library of:	file:///tmp/.mount_nvimNXZ1YL/usr/share/nvim/runtime/lua
[10:29:57.265][info] [#0:script/workspace/loading.lua:98]: Skip loaded file: file:///tmp/.mount_nvimNXZ1YL/usr/share/nvim/runtime/lua/vim/treesitter/highlighter.lua
[10:29:57.265][info] [#0:script/workspace/loading.lua:101]: Preload file at: file:///tmp/.mount_nvimNXZ1YL/usr/share/nvim/runtime/lua/vim/treesitter/language.lua , size = 3.558 KB
[10:29:57.267][info] [#0:script/workspace/loading.lua:113]: ++++As library of:	file:///tmp/.mount_nvimNXZ1YL/usr/share/nvim/runtime/lua
[10:29:57.267][info] [#0:script/workspace/loading.lua:98]: Skip loaded file: file:///tmp/.mount_nvimNXZ1YL/usr/share/nvim/runtime/lua/vim/treesitter/language.lua
[10:29:57.268][info] [#0:script/workspace/loading.lua:101]: Preload file at: file:///tmp/.mount_nvimNXZ1YL/usr/share/nvim/runtime/lua/vim/treesitter/languagetree.lua , size = 27.647 KB
[10:29:57.286][info] [#0:script/workspace/loading.lua:113]: ++++As library of:	file:///tmp/.mount_nvimNXZ1YL/usr/share/nvim/runtime/lua
[10:29:57.286][info] [#0:script/workspace/loading.lua:98]: Skip loaded file: file:///tmp/.mount_nvimNXZ1YL/usr/share/nvim/runtime/lua/vim/treesitter/languagetree.lua
[10:29:57.286][info] [#0:script/workspace/loading.lua:101]: Preload file at: file:///tmp/.mount_nvimNXZ1YL/usr/share/nvim/runtime/lua/vim/treesitter/playground.lua , size = 12.562 KB
[10:29:57.294][info] [#0:script/workspace/loading.lua:113]: ++++As library of:	file:///tmp/.mount_nvimNXZ1YL/usr/share/nvim/runtime/lua
[10:29:57.294][info] [#0:script/workspace/loading.lua:98]: Skip loaded file: file:///tmp/.mount_nvimNXZ1YL/usr/share/nvim/runtime/lua/vim/treesitter/playground.lua
[10:29:57.294][info] [#0:script/workspace/loading.lua:101]: Preload file at: file:///tmp/.mount_nvimNXZ1YL/usr/share/nvim/runtime/lua/vim/treesitter/query.lua , size = 21.253 KB
[10:29:57.308][info] [#0:script/workspace/loading.lua:113]: ++++As library of:	file:///tmp/.mount_nvimNXZ1YL/usr/share/nvim/runtime/lua
[10:29:57.308][info] [#0:script/workspace/loading.lua:98]: Skip loaded file: file:///tmp/.mount_nvimNXZ1YL/usr/share/nvim/runtime/lua/vim/treesitter/query.lua
[10:29:57.308][info] [#0:script/workspace/loading.lua:101]: Preload file at: file:///tmp/.mount_nvimNXZ1YL/usr/share/nvim/runtime/lua/vim/treesitter.lua , size = 15.225 KB
[10:29:57.317][info] [#0:script/workspace/loading.lua:113]: ++++As library of:	file:///tmp/.mount_nvimNXZ1YL/usr/share/nvim/runtime/lua
[10:29:57.317][info] [#0:script/workspace/loading.lua:98]: Skip loaded file: file:///tmp/.mount_nvimNXZ1YL/usr/share/nvim/runtime/lua/vim/treesitter.lua
[10:29:57.317][info] [#0:script/workspace/loading.lua:101]: Preload file at: file:///tmp/.mount_nvimNXZ1YL/usr/share/nvim/runtime/lua/vim/ui.lua , size = 3.672 KB
[10:29:57.319][info] [#0:script/workspace/loading.lua:113]: ++++As library of:	file:///tmp/.mount_nvimNXZ1YL/usr/share/nvim/runtime/lua
[10:29:57.319][info] [#0:script/workspace/loading.lua:89]: Skip loaded file: file:///tmp/.mount_nvimNXZ1YL/usr/share/nvim/runtime/lua/vim/ui.lua
[10:29:57.319][info] [#0:script/workspace/loading.lua:113]: ++++As library of:	file:///tmp/.mount_nvimNXZ1YL/usr/share/nvim/runtime/lua
[10:29:57.319][info] [#0:script/workspace/loading.lua:101]: Preload file at: file:///tmp/.mount_nvimNXZ1YL/usr/share/nvim/runtime/lua/vim/uri.lua , size = 3.376 KB
[10:29:57.322][info] [#0:script/workspace/loading.lua:113]: ++++As library of:	file:///tmp/.mount_nvimNXZ1YL/usr/share/nvim/runtime/lua
[10:29:57.322][info] [#0:script/workspace/loading.lua:98]: Skip loaded file: file:///tmp/.mount_nvimNXZ1YL/usr/share/nvim/runtime/lua/vim/uri.lua
[10:29:57.322][info] [#0:script/workspace/loading.lua:101]: Preload file at: file:///tmp/.mount_nvimNXZ1YL/usr/share/nvim/runtime/lua/vim/version.lua , size = 12.146 KB
[10:29:57.330][info] [#0:script/workspace/loading.lua:113]: ++++As library of:	file:///tmp/.mount_nvimNXZ1YL/usr/share/nvim/runtime/lua
[10:29:57.330][info] [#0:script/workspace/loading.lua:101]: Preload file at: file:///home/tayler/.local/share/nvim/mason/packages/lua-language-server/libexec/meta/Lua%205.4%20en-us%20utf8/debug.lua , size = 7.637 KB
[10:29:57.335][info] [#0:script/workspace/loading.lua:113]: ++++As library of:	file:///home/tayler/.local/share/nvim/mason/packages/lua-language-server/libexec/meta/Lua%205.4%20en-us%20utf8/debug.lua
[10:29:57.335][info] [#0:script/workspace/loading.lua:98]: Skip loaded file: file:///home/tayler/.local/share/nvim/mason/packages/lua-language-server/libexec/meta/Lua%205.4%20en-us%20utf8/debug.lua
[10:29:57.335][info] [#0:script/workspace/loading.lua:98]: Skip loaded file: file:///tmp/.mount_nvimNXZ1YL/usr/share/nvim/runtime/lua/vim/version.lua
[10:29:57.335][info] [#0:script/workspace/loading.lua:101]: Preload file at: file:///home/tayler/.local/share/nvim/mason/packages/lua-language-server/libexec/meta/Lua%205.4%20en-us%20utf8/coroutine.lua , size = 2.590 KB
[10:29:57.337][info] [#0:script/workspace/loading.lua:113]: ++++As library of:	file:///home/tayler/.local/share/nvim/mason/packages/lua-language-server/libexec/meta/Lua%205.4%20en-us%20utf8/coroutine.lua
[10:29:57.337][info] [#0:script/workspace/loading.lua:98]: Skip loaded file: file:///home/tayler/.local/share/nvim/mason/packages/lua-language-server/libexec/meta/Lua%205.4%20en-us%20utf8/coroutine.lua
[10:29:57.337][info] [#0:script/workspace/loading.lua:101]: Preload file at: file:///home/tayler/.local/share/nvim/mason/packages/lua-language-server/libexec/meta/Lua%205.4%20en-us%20utf8/os.lua , size = 5.600 KB
[10:29:57.341][info] [#0:script/workspace/loading.lua:113]: ++++As library of:	file:///home/tayler/.local/share/nvim/mason/packages/lua-language-server/libexec/meta/Lua%205.4%20en-us%20utf8/os.lua
[10:29:57.341][info] [#0:script/workspace/loading.lua:89]: Skip loaded file: file:///home/tayler/.local/share/nvim/mason/packages/lua-language-server/libexec/meta/Lua%205.4%20en-us%20utf8/os.lua
[10:29:57.341][info] [#0:script/workspace/loading.lua:113]: ++++As library of:	file:///home/tayler/.local/share/nvim/mason/packages/lua-language-server/libexec/meta/Lua%205.4%20en-us%20utf8/os.lua
[10:29:57.342][info] [#0:script/workspace/loading.lua:89]: Skip loaded file: file:///tmp/.mount_nvimNXZ1YL/usr/share/nvim/runtime/lua/vim/lsp/_snippet.lua
[10:29:57.342][info] [#0:script/workspace/loading.lua:113]: ++++As library of:	file:///tmp/.mount_nvimNXZ1YL/usr/share/nvim/runtime/lua/vim/lsp
[10:29:57.342][info] [#0:script/workspace/loading.lua:89]: Skip loaded file: file:///tmp/.mount_nvimNXZ1YL/usr/share/nvim/runtime/lua/vim/lsp/_snippet.lua
[10:29:57.342][info] [#0:script/workspace/loading.lua:113]: ++++As library of:	file:///tmp/.mount_nvimNXZ1YL/usr/share/nvim/runtime/lua/vim/lsp
[10:29:57.342][info] [#0:script/workspace/loading.lua:89]: Skip loaded file: file:///tmp/.mount_nvimNXZ1YL/usr/share/nvim/runtime/lua/vim/lsp/_watchfiles.lua
[10:29:57.342][info] [#0:script/workspace/loading.lua:113]: ++++As library of:	file:///tmp/.mount_nvimNXZ1YL/usr/share/nvim/runtime/lua/vim/lsp
[10:29:57.342][info] [#0:script/workspace/loading.lua:89]: Skip loaded file: file:///tmp/.mount_nvimNXZ1YL/usr/share/nvim/runtime/lua/vim/lsp/_watchfiles.lua
[10:29:57.342][info] [#0:script/workspace/loading.lua:113]: ++++As library of:	file:///tmp/.mount_nvimNXZ1YL/usr/share/nvim/runtime/lua/vim/lsp
[10:29:57.342][info] [#0:script/workspace/loading.lua:89]: Skip loaded file: file:///tmp/.mount_nvimNXZ1YL/usr/share/nvim/runtime/lua/vim/lsp/buf.lua
[10:29:57.342][info] [#0:script/workspace/loading.lua:113]: ++++As library of:	file:///tmp/.mount_nvimNXZ1YL/usr/share/nvim/runtime/lua/vim/lsp
[10:29:57.342][info] [#0:script/workspace/loading.lua:89]: Skip loaded file: file:///tmp/.mount_nvimNXZ1YL/usr/share/nvim/runtime/lua/vim/lsp/buf.lua
[10:29:57.342][info] [#0:script/workspace/loading.lua:113]: ++++As library of:	file:///tmp/.mount_nvimNXZ1YL/usr/share/nvim/runtime/lua/vim/lsp
[10:29:57.342][info] [#0:script/workspace/loading.lua:89]: Skip loaded file: file:///tmp/.mount_nvimNXZ1YL/usr/share/nvim/runtime/lua/vim/lsp/codelens.lua
[10:29:57.342][info] [#0:script/workspace/loading.lua:113]: ++++As library of:	file:///tmp/.mount_nvimNXZ1YL/usr/share/nvim/runtime/lua/vim/lsp
[10:29:57.342][info] [#0:script/workspace/loading.lua:89]: Skip loaded file: file:///tmp/.mount_nvimNXZ1YL/usr/share/nvim/runtime/lua/vim/lsp/codelens.lua
[10:29:57.342][info] [#0:script/workspace/loading.lua:113]: ++++As library of:	file:///tmp/.mount_nvimNXZ1YL/usr/share/nvim/runtime/lua/vim/lsp
[10:29:57.342][info] [#0:script/workspace/loading.lua:89]: Skip loaded file: file:///tmp/.mount_nvimNXZ1YL/usr/share/nvim/runtime/lua/vim/lsp/diagnostic.lua
[10:29:57.342][info] [#0:script/workspace/loading.lua:113]: ++++As library of:	file:///tmp/.mount_nvimNXZ1YL/usr/share/nvim/runtime/lua/vim/lsp
[10:29:57.343][info] [#0:script/workspace/loading.lua:89]: Skip loaded file: file:///tmp/.mount_nvimNXZ1YL/usr/share/nvim/runtime/lua/vim/lsp/diagnostic.lua
[10:29:57.343][info] [#0:script/workspace/loading.lua:113]: ++++As library of:	file:///tmp/.mount_nvimNXZ1YL/usr/share/nvim/runtime/lua/vim/lsp
[10:29:57.343][info] [#0:script/workspace/loading.lua:89]: Skip loaded file: file:///tmp/.mount_nvimNXZ1YL/usr/share/nvim/runtime/lua/vim/lsp/handlers.lua
[10:29:57.343][info] [#0:script/workspace/loading.lua:113]: ++++As library of:	file:///tmp/.mount_nvimNXZ1YL/usr/share/nvim/runtime/lua/vim/lsp
[10:29:57.343][info] [#0:script/workspace/loading.lua:89]: Skip loaded file: file:///tmp/.mount_nvimNXZ1YL/usr/share/nvim/runtime/lua/vim/lsp/handlers.lua
[10:29:57.343][info] [#0:script/workspace/loading.lua:113]: ++++As library of:	file:///tmp/.mount_nvimNXZ1YL/usr/share/nvim/runtime/lua/vim/lsp
[10:29:57.343][info] [#0:script/workspace/loading.lua:89]: Skip loaded file: file:///tmp/.mount_nvimNXZ1YL/usr/share/nvim/runtime/lua/vim/lsp/health.lua
[10:29:57.343][info] [#0:script/workspace/loading.lua:113]: ++++As library of:	file:///tmp/.mount_nvimNXZ1YL/usr/share/nvim/runtime/lua/vim/lsp
[10:29:57.343][info] [#0:script/workspace/loading.lua:89]: Skip loaded file: file:///tmp/.mount_nvimNXZ1YL/usr/share/nvim/runtime/lua/vim/lsp/health.lua
[10:29:57.343][info] [#0:script/workspace/loading.lua:113]: ++++As library of:	file:///tmp/.mount_nvimNXZ1YL/usr/share/nvim/runtime/lua/vim/lsp
[10:29:57.343][info] [#0:script/workspace/loading.lua:89]: Skip loaded file: file:///tmp/.mount_nvimNXZ1YL/usr/share/nvim/runtime/lua/vim/lsp/log.lua
[10:29:57.343][info] [#0:script/workspace/loading.lua:113]: ++++As library of:	file:///tmp/.mount_nvimNXZ1YL/usr/share/nvim/runtime/lua/vim/lsp
[10:29:57.343][info] [#0:script/workspace/loading.lua:89]: Skip loaded file: file:///tmp/.mount_nvimNXZ1YL/usr/share/nvim/runtime/lua/vim/lsp/log.lua
[10:29:57.343][info] [#0:script/workspace/loading.lua:113]: ++++As library of:	file:///tmp/.mount_nvimNXZ1YL/usr/share/nvim/runtime/lua/vim/lsp
[10:29:57.343][info] [#0:script/workspace/loading.lua:89]: Skip loaded file: file:///tmp/.mount_nvimNXZ1YL/usr/share/nvim/runtime/lua/vim/lsp/protocol.lua
[10:29:57.343][info] [#0:script/workspace/loading.lua:113]: ++++As library of:	file:///tmp/.mount_nvimNXZ1YL/usr/share/nvim/runtime/lua/vim/lsp
[10:29:57.343][info] [#0:script/workspace/loading.lua:89]: Skip loaded file: file:///tmp/.mount_nvimNXZ1YL/usr/share/nvim/runtime/lua/vim/lsp/protocol.lua
[10:29:57.343][info] [#0:script/workspace/loading.lua:113]: ++++As library of:	file:///tmp/.mount_nvimNXZ1YL/usr/share/nvim/runtime/lua/vim/lsp
[10:29:57.343][info] [#0:script/workspace/loading.lua:89]: Skip loaded file: file:///tmp/.mount_nvimNXZ1YL/usr/share/nvim/runtime/lua/vim/lsp/rpc.lua
[10:29:57.343][info] [#0:script/workspace/loading.lua:113]: ++++As library of:	file:///tmp/.mount_nvimNXZ1YL/usr/share/nvim/runtime/lua/vim/lsp
[10:29:57.343][info] [#0:script/workspace/loading.lua:89]: Skip loaded file: file:///tmp/.mount_nvimNXZ1YL/usr/share/nvim/runtime/lua/vim/lsp/rpc.lua
[10:29:57.343][info] [#0:script/workspace/loading.lua:113]: ++++As library of:	file:///tmp/.mount_nvimNXZ1YL/usr/share/nvim/runtime/lua/vim/lsp
[10:29:57.343][info] [#0:script/workspace/loading.lua:89]: Skip loaded file: file:///tmp/.mount_nvimNXZ1YL/usr/share/nvim/runtime/lua/vim/lsp/semantic_tokens.lua
[10:29:57.343][info] [#0:script/workspace/loading.lua:113]: ++++As library of:	file:///tmp/.mount_nvimNXZ1YL/usr/share/nvim/runtime/lua/vim/lsp
[10:29:57.343][info] [#0:script/workspace/loading.lua:89]: Skip loaded file: file:///tmp/.mount_nvimNXZ1YL/usr/share/nvim/runtime/lua/vim/lsp/semantic_tokens.lua
[10:29:57.343][info] [#0:script/workspace/loading.lua:113]: ++++As library of:	file:///tmp/.mount_nvimNXZ1YL/usr/share/nvim/runtime/lua/vim/lsp
[10:29:57.343][info] [#0:script/workspace/loading.lua:89]: Skip loaded file: file:///tmp/.mount_nvimNXZ1YL/usr/share/nvim/runtime/lua/vim/lsp/sync.lua
[10:29:57.343][info] [#0:script/workspace/loading.lua:113]: ++++As library of:	file:///tmp/.mount_nvimNXZ1YL/usr/share/nvim/runtime/lua/vim/lsp
[10:29:57.343][info] [#0:script/workspace/loading.lua:89]: Skip loaded file: file:///tmp/.mount_nvimNXZ1YL/usr/share/nvim/runtime/lua/vim/lsp/sync.lua
[10:29:57.343][info] [#0:script/workspace/loading.lua:113]: ++++As library of:	file:///tmp/.mount_nvimNXZ1YL/usr/share/nvim/runtime/lua/vim/lsp
[10:29:57.343][info] [#0:script/workspace/loading.lua:89]: Skip loaded file: file:///tmp/.mount_nvimNXZ1YL/usr/share/nvim/runtime/lua/vim/lsp/tagfunc.lua
[10:29:57.343][info] [#0:script/workspace/loading.lua:113]: ++++As library of:	file:///tmp/.mount_nvimNXZ1YL/usr/share/nvim/runtime/lua/vim/lsp
[10:29:57.343][info] [#0:script/workspace/loading.lua:89]: Skip loaded file: file:///tmp/.mount_nvimNXZ1YL/usr/share/nvim/runtime/lua/vim/lsp/tagfunc.lua
[10:29:57.343][info] [#0:script/workspace/loading.lua:113]: ++++As library of:	file:///tmp/.mount_nvimNXZ1YL/usr/share/nvim/runtime/lua/vim/lsp
[10:29:57.343][info] [#0:script/workspace/loading.lua:89]: Skip loaded file: file:///tmp/.mount_nvimNXZ1YL/usr/share/nvim/runtime/lua/vim/lsp/types.lua
[10:29:57.343][info] [#0:script/workspace/loading.lua:113]: ++++As library of:	file:///tmp/.mount_nvimNXZ1YL/usr/share/nvim/runtime/lua/vim/lsp
[10:29:57.343][info] [#0:script/workspace/loading.lua:89]: Skip loaded file: file:///tmp/.mount_nvimNXZ1YL/usr/share/nvim/runtime/lua/vim/lsp/types.lua
[10:29:57.343][info] [#0:script/workspace/loading.lua:113]: ++++As library of:	file:///tmp/.mount_nvimNXZ1YL/usr/share/nvim/runtime/lua/vim/lsp
[10:29:57.343][info] [#0:script/workspace/loading.lua:89]: Skip loaded file: file:///tmp/.mount_nvimNXZ1YL/usr/share/nvim/runtime/lua/vim/lsp/util.lua
[10:29:57.343][info] [#0:script/workspace/loading.lua:113]: ++++As library of:	file:///tmp/.mount_nvimNXZ1YL/usr/share/nvim/runtime/lua/vim/lsp
[10:29:57.343][info] [#0:script/workspace/loading.lua:89]: Skip loaded file: file:///tmp/.mount_nvimNXZ1YL/usr/share/nvim/runtime/lua/vim/lsp/util.lua
[10:29:57.343][info] [#0:script/workspace/loading.lua:113]: ++++As library of:	file:///tmp/.mount_nvimNXZ1YL/usr/share/nvim/runtime/lua/vim/lsp
[10:29:57.343][info] [#0:script/workspace/loading.lua:89]: Skip loaded file: file:///home/tayler/.config/nvim/init.lua
[10:29:57.444][info] [#0:script/workspace/loading.lua:101]: Preload file at: file:///home/tayler/.local/share/nvim/lazy/lazy.nvim/lua/lazy/core/config.lua , size = 8.866 KB
[10:29:57.459][info] [#0:script/workspace/loading.lua:113]: ++++As library of:	file:///home/tayler/.local/share/nvim/lazy/lazy.nvim/lua/lazy
[10:29:57.459][info] [#0:script/workspace/loading.lua:98]: Skip loaded file: file:///home/tayler/.local/share/nvim/lazy/lazy.nvim/lua/lazy/core/config.lua
[10:29:57.459][info] [#0:script/workspace/loading.lua:101]: Preload file at: file:///home/tayler/.local/share/nvim/lazy/lazy.nvim/lua/lazy/core/handler/keys.lua , size = 4.595 KB
[10:29:57.471][info] [#0:script/workspace/loading.lua:113]: ++++As library of:	file:///home/tayler/.local/share/nvim/lazy/lazy.nvim/lua/lazy
[10:29:57.471][info] [#0:script/workspace/loading.lua:98]: Skip loaded file: file:///home/tayler/.local/share/nvim/lazy/lazy.nvim/lua/lazy/core/handler/keys.lua
[10:29:57.472][info] [#0:script/workspace/loading.lua:101]: Preload file at: file:///home/tayler/.local/share/nvim/lazy/lazy.nvim/lua/lazy/core/handler/event.lua , size = 4.860 KB
[10:29:57.482][info] [#0:script/workspace/loading.lua:113]: ++++As library of:	file:///home/tayler/.local/share/nvim/lazy/lazy.nvim/lua/lazy
[10:29:57.482][info] [#0:script/workspace/loading.lua:98]: Skip loaded file: file:///home/tayler/.local/share/nvim/lazy/lazy.nvim/lua/lazy/core/handler/event.lua
[10:29:57.482][info] [#0:script/workspace/loading.lua:101]: Preload file at: file:///home/tayler/.local/share/nvim/lazy/lazy.nvim/lua/lazy/core/handler/init.lua , size = 3.126 KB
[10:29:57.488][info] [#0:script/workspace/loading.lua:113]: ++++As library of:	file:///home/tayler/.local/share/nvim/lazy/lazy.nvim/lua/lazy
[10:29:57.488][info] [#0:script/workspace/loading.lua:98]: Skip loaded file: file:///home/tayler/.local/share/nvim/lazy/lazy.nvim/lua/lazy/core/handler/init.lua
[10:29:57.488][info] [#0:script/workspace/loading.lua:101]: Preload file at: file:///home/tayler/.local/share/nvim/lazy/lazy.nvim/lua/lazy/core/handler/ft.lua , size = 0.442 KB
[10:29:57.489][info] [#0:script/workspace/loading.lua:113]: ++++As library of:	file:///home/tayler/.local/share/nvim/lazy/lazy.nvim/lua/lazy
[10:29:57.489][info] [#0:script/workspace/loading.lua:98]: Skip loaded file: file:///home/tayler/.local/share/nvim/lazy/lazy.nvim/lua/lazy/core/handler/ft.lua
[10:29:57.489][info] [#0:script/workspace/loading.lua:101]: Preload file at: file:///home/tayler/.local/share/nvim/lazy/lazy.nvim/lua/lazy/core/handler/cmd.lua , size = 1.638 KB
[10:29:57.491][info] [#0:script/workspace/loading.lua:113]: ++++As library of:	file:///home/tayler/.local/share/nvim/lazy/lazy.nvim/lua/lazy
[10:29:57.491][info] [#0:script/workspace/loading.lua:98]: Skip loaded file: file:///home/tayler/.local/share/nvim/lazy/lazy.nvim/lua/lazy/core/handler/cmd.lua
[10:29:57.491][info] [#0:script/workspace/loading.lua:101]: Preload file at: file:///home/tayler/.local/share/nvim/lazy/lazy.nvim/lua/lazy/core/cache.lua , size = 16.600 KB
[10:29:57.505][info] [#0:script/workspace/loading.lua:113]: ++++As library of:	file:///home/tayler/.local/share/nvim/lazy/lazy.nvim/lua/lazy
[10:29:57.505][info] [#0:script/workspace/loading.lua:98]: Skip loaded file: file:///home/tayler/.local/share/nvim/lazy/lazy.nvim/lua/lazy/core/cache.lua
[10:29:57.505][info] [#0:script/workspace/loading.lua:101]: Preload file at: file:///home/tayler/.local/share/nvim/lazy/lazy.nvim/lua/lazy/core/util.lua , size = 10.683 KB
[10:29:57.515][info] [#0:script/workspace/loading.lua:113]: ++++As library of:	file:///home/tayler/.local/share/nvim/lazy/lazy.nvim/lua/lazy
[10:29:57.515][info] [#0:script/workspace/loading.lua:98]: Skip loaded file: file:///home/tayler/.local/share/nvim/lazy/lazy.nvim/lua/lazy/core/util.lua
[10:29:57.515][info] [#0:script/workspace/loading.lua:101]: Preload file at: file:///home/tayler/.local/share/nvim/lazy/lazy.nvim/lua/lazy/core/loader.lua , size = 13.699 KB
[10:29:57.525][info] [#0:script/workspace/loading.lua:113]: ++++As library of:	file:///home/tayler/.local/share/nvim/lazy/lazy.nvim/lua/lazy
[10:29:57.525][info] [#0:script/workspace/loading.lua:98]: Skip loaded file: file:///home/tayler/.local/share/nvim/lazy/lazy.nvim/lua/lazy/core/loader.lua
[10:29:57.525][info] [#0:script/workspace/loading.lua:101]: Preload file at: file:///home/tayler/.local/share/nvim/lazy/lazy.nvim/lua/lazy/core/plugin.lua , size = 16.926 KB
[10:29:57.538][info] [#0:script/workspace/loading.lua:113]: ++++As library of:	file:///home/tayler/.local/share/nvim/lazy/lazy.nvim/lua/lazy
[10:29:57.539][info] [#0:script/workspace/loading.lua:98]: Skip loaded file: file:///home/tayler/.local/share/nvim/lazy/lazy.nvim/lua/lazy/core/plugin.lua
[10:29:57.539][info] [#0:script/workspace/loading.lua:101]: Preload file at: file:///home/tayler/.local/share/nvim/lazy/lazy.nvim/lua/lazy/view/diff.lua , size = 1.585 KB
[10:29:57.540][info] [#0:script/workspace/loading.lua:113]: ++++As library of:	file:///home/tayler/.local/share/nvim/lazy/lazy.nvim/lua/lazy
[10:29:57.540][info] [#0:script/workspace/loading.lua:98]: Skip loaded file: file:///home/tayler/.local/share/nvim/lazy/lazy.nvim/lua/lazy/view/diff.lua
[10:29:57.540][info] [#0:script/workspace/loading.lua:101]: Preload file at: file:///home/tayler/.local/share/nvim/lazy/lazy.nvim/lua/lazy/view/init.lua , size = 7.479 KB
[10:29:57.585][info] [#0:script/workspace/loading.lua:113]: ++++As library of:	file:///home/tayler/.local/share/nvim/lazy/lazy.nvim/lua/lazy
[10:29:57.585][info] [#0:script/workspace/loading.lua:98]: Skip loaded file: file:///home/tayler/.local/share/nvim/lazy/lazy.nvim/lua/lazy/view/init.lua
[10:29:57.585][info] [#0:script/workspace/loading.lua:101]: Preload file at: file:///home/tayler/.local/share/nvim/lazy/lazy.nvim/lua/lazy/view/colors.lua , size = 1.526 KB
[10:29:57.586][info] [#0:script/workspace/loading.lua:113]: ++++As library of:	file:///home/tayler/.local/share/nvim/lazy/lazy.nvim/lua/lazy
[10:29:57.586][info] [#0:script/workspace/loading.lua:98]: Skip loaded file: file:///home/tayler/.local/share/nvim/lazy/lazy.nvim/lua/lazy/view/colors.lua
[10:29:57.586][info] [#0:script/workspace/loading.lua:101]: Preload file at: file:///home/tayler/.local/share/nvim/lazy/lazy.nvim/lua/lazy/view/render.lua , size = 21.168 KB
[10:29:57.605][info] [#0:script/workspace/loading.lua:113]: ++++As library of:	file:///home/tayler/.local/share/nvim/lazy/lazy.nvim/lua/lazy
[10:29:57.605][info] [#0:script/workspace/loading.lua:98]: Skip loaded file: file:///home/tayler/.local/share/nvim/lazy/lazy.nvim/lua/lazy/view/render.lua
[10:29:57.605][info] [#0:script/workspace/loading.lua:101]: Preload file at: file:///home/tayler/.local/share/nvim/lazy/lazy.nvim/lua/lazy/view/float.lua , size = 7.009 KB
[10:29:57.612][info] [#0:script/workspace/loading.lua:113]: ++++As library of:	file:///home/tayler/.local/share/nvim/lazy/lazy.nvim/lua/lazy
[10:29:57.612][info] [#0:script/workspace/loading.lua:98]: Skip loaded file: file:///home/tayler/.local/share/nvim/lazy/lazy.nvim/lua/lazy/view/float.lua
[10:29:57.612][info] [#0:script/workspace/loading.lua:101]: Preload file at: file:///home/tayler/.local/share/nvim/lazy/lazy.nvim/lua/lazy/view/sections.lua , size = 2.362 KB
[10:29:57.614][info] [#0:script/workspace/loading.lua:113]: ++++As library of:	file:///home/tayler/.local/share/nvim/lazy/lazy.nvim/lua/lazy
[10:29:57.614][info] [#0:script/workspace/loading.lua:98]: Skip loaded file: file:///home/tayler/.local/share/nvim/lazy/lazy.nvim/lua/lazy/view/sections.lua
[10:29:57.614][info] [#0:script/workspace/loading.lua:101]: Preload file at: file:///home/tayler/.local/share/nvim/lazy/lazy.nvim/lua/lazy/view/config.lua , size = 3.462 KB
[10:29:57.616][info] [#0:script/workspace/loading.lua:113]: ++++As library of:	file:///home/tayler/.local/share/nvim/lazy/lazy.nvim/lua/lazy
[10:29:57.616][info] [#0:script/workspace/loading.lua:98]: Skip loaded file: file:///home/tayler/.local/share/nvim/lazy/lazy.nvim/lua/lazy/view/config.lua
[10:29:57.616][info] [#0:script/workspace/loading.lua:101]: Preload file at: file:///home/tayler/.local/share/nvim/lazy/lazy.nvim/lua/lazy/view/text.lua , size = 3.820 KB
[10:29:57.621][info] [#0:script/workspace/loading.lua:113]: ++++As library of:	file:///home/tayler/.local/share/nvim/lazy/lazy.nvim/lua/lazy
[10:29:57.621][info] [#0:script/workspace/loading.lua:98]: Skip loaded file: file:///home/tayler/.local/share/nvim/lazy/lazy.nvim/lua/lazy/view/text.lua
[10:29:57.621][info] [#0:script/workspace/loading.lua:101]: Preload file at: file:///home/tayler/.local/share/nvim/lazy/lazy.nvim/lua/lazy/view/commands.lua , size = 3.386 KB
[10:29:57.624][info] [#0:script/workspace/loading.lua:113]: ++++As library of:	file:///home/tayler/.local/share/nvim/lazy/lazy.nvim/lua/lazy
[10:29:57.624][info] [#0:script/workspace/loading.lua:98]: Skip loaded file: file:///home/tayler/.local/share/nvim/lazy/lazy.nvim/lua/lazy/view/commands.lua
[10:29:57.624][info] [#0:script/workspace/loading.lua:101]: Preload file at: file:///home/tayler/.local/share/nvim/lazy/lazy.nvim/lua/lazy/init.lua , size = 3.717 KB
[10:29:57.627][info] [#0:script/workspace/loading.lua:113]: ++++As library of:	file:///home/tayler/.local/share/nvim/lazy/lazy.nvim/lua/lazy
[10:29:57.627][info] [#0:script/workspace/loading.lua:98]: Skip loaded file: file:///home/tayler/.local/share/nvim/lazy/lazy.nvim/lua/lazy/init.lua
[10:29:57.627][info] [#0:script/workspace/loading.lua:101]: Preload file at: file:///home/tayler/.local/share/nvim/lazy/lazy.nvim/lua/lazy/stats.lua , size = 2.068 KB
[10:29:57.629][info] [#0:script/workspace/loading.lua:113]: ++++As library of:	file:///home/tayler/.local/share/nvim/lazy/lazy.nvim/lua/lazy
[10:29:57.629][info] [#0:script/workspace/loading.lua:98]: Skip loaded file: file:///home/tayler/.local/share/nvim/lazy/lazy.nvim/lua/lazy/stats.lua
[10:29:57.629][info] [#0:script/workspace/loading.lua:101]: Preload file at: file:///home/tayler/.local/share/nvim/lazy/lazy.nvim/lua/lazy/help.lua , size = 2.242 KB
[10:29:57.631][info] [#0:script/workspace/loading.lua:113]: ++++As library of:	file:///home/tayler/.local/share/nvim/lazy/lazy.nvim/lua/lazy
[10:29:57.631][info] [#0:script/workspace/loading.lua:98]: Skip loaded file: file:///home/tayler/.local/share/nvim/lazy/lazy.nvim/lua/lazy/help.lua
[10:29:57.631][info] [#0:script/workspace/loading.lua:101]: Preload file at: file:///home/tayler/.local/share/nvim/lazy/lazy.nvim/lua/lazy/example.lua , size = 2.643 KB
[10:29:57.632][info] [#0:script/workspace/loading.lua:113]: ++++As library of:	file:///home/tayler/.local/share/nvim/lazy/lazy.nvim/lua/lazy
[10:29:57.632][info] [#0:script/workspace/loading.lua:98]: Skip loaded file: file:///home/tayler/.local/share/nvim/lazy/lazy.nvim/lua/lazy/example.lua
[10:29:57.632][info] [#0:script/workspace/loading.lua:101]: Preload file at: file:///home/tayler/.local/share/nvim/lazy/lazy.nvim/lua/lazy/health.lua , size = 3.313 KB
[10:29:57.634][info] [#0:script/workspace/loading.lua:113]: ++++As library of:	file:///home/tayler/.local/share/nvim/lazy/lazy.nvim/lua/lazy
[10:29:57.634][info] [#0:script/workspace/loading.lua:98]: Skip loaded file: file:///home/tayler/.local/share/nvim/lazy/lazy.nvim/lua/lazy/health.lua
[10:29:57.634][info] [#0:script/workspace/loading.lua:101]: Preload file at: file:///home/tayler/.local/share/nvim/lazy/lazy.nvim/lua/lazy/types.lua , size = 3.229 KB
[10:29:57.637][info] [#0:script/workspace/loading.lua:113]: ++++As library of:	file:///home/tayler/.local/share/nvim/lazy/lazy.nvim/lua/lazy
[10:29:57.637][info] [#0:script/workspace/loading.lua:98]: Skip loaded file: file:///home/tayler/.local/share/nvim/lazy/lazy.nvim/lua/lazy/types.lua
[10:29:57.637][info] [#0:script/workspace/loading.lua:101]: Preload file at: file:///home/tayler/.local/share/nvim/lazy/lazy.nvim/lua/lazy/docs.lua , size = 4.453 KB
[10:29:57.641][info] [#0:script/workspace/loading.lua:113]: ++++As library of:	file:///home/tayler/.local/share/nvim/lazy/lazy.nvim/lua/lazy
[10:29:57.641][info] [#0:script/workspace/loading.lua:98]: Skip loaded file: file:///home/tayler/.local/share/nvim/lazy/lazy.nvim/lua/lazy/docs.lua
[10:29:57.641][info] [#0:script/workspace/loading.lua:101]: Preload file at: file:///home/tayler/.local/share/nvim/lazy/lazy.nvim/lua/lazy/status.lua , size = 0.353 KB
[10:29:57.642][info] [#0:script/workspace/loading.lua:113]: ++++As library of:	file:///home/tayler/.local/share/nvim/lazy/lazy.nvim/lua/lazy
[10:29:57.642][info] [#0:script/workspace/loading.lua:98]: Skip loaded file: file:///home/tayler/.local/share/nvim/lazy/lazy.nvim/lua/lazy/status.lua
[10:29:57.642][info] [#0:script/workspace/loading.lua:101]: Preload file at: file:///home/tayler/.local/share/nvim/lazy/lazy.nvim/lua/lazy/state.lua , size = 0.859 KB
[10:29:57.643][info] [#0:script/workspace/loading.lua:113]: ++++As library of:	file:///home/tayler/.local/share/nvim/lazy/lazy.nvim/lua/lazy
[10:29:57.643][info] [#0:script/workspace/loading.lua:98]: Skip loaded file: file:///home/tayler/.local/share/nvim/lazy/lazy.nvim/lua/lazy/state.lua
[10:29:57.643][info] [#0:script/workspace/loading.lua:101]: Preload file at: file:///home/tayler/.local/share/nvim/lazy/lazy.nvim/lua/lazy/util.lua , size = 5.759 KB
[10:29:57.648][info] [#0:script/workspace/loading.lua:113]: ++++As library of:	file:///home/tayler/.local/share/nvim/lazy/lazy.nvim/lua/lazy
[10:29:57.648][info] [#0:script/workspace/loading.lua:98]: Skip loaded file: file:///home/tayler/.local/share/nvim/lazy/lazy.nvim/lua/lazy/util.lua
[10:29:57.648][info] [#0:script/workspace/loading.lua:101]: Preload file at: file:///home/tayler/.local/share/nvim/lazy/lazy.nvim/lua/lazy/manage/runner.lua , size = 4.358 KB
[10:29:57.652][info] [#0:script/workspace/loading.lua:113]: ++++As library of:	file:///home/tayler/.local/share/nvim/lazy/lazy.nvim/lua/lazy
[10:29:57.652][info] [#0:script/workspace/loading.lua:98]: Skip loaded file: file:///home/tayler/.local/share/nvim/lazy/lazy.nvim/lua/lazy/manage/runner.lua
[10:29:57.652][info] [#0:script/workspace/loading.lua:101]: Preload file at: file:///home/tayler/.local/share/nvim/lazy/lazy.nvim/lua/lazy/manage/process.lua , size = 3.989 KB
[10:29:57.655][info] [#0:script/workspace/loading.lua:113]: ++++As library of:	file:///home/tayler/.local/share/nvim/lazy/lazy.nvim/lua/lazy
[10:29:57.655][info] [#0:script/workspace/loading.lua:98]: Skip loaded file: file:///home/tayler/.local/share/nvim/lazy/lazy.nvim/lua/lazy/manage/process.lua
[10:29:57.655][info] [#0:script/workspace/loading.lua:101]: Preload file at: file:///home/tayler/.local/share/nvim/lazy/lazy.nvim/lua/lazy/manage/semver.lua , size = 4.409 KB
[10:29:57.659][info] [#0:script/workspace/loading.lua:113]: ++++As library of:	file:///home/tayler/.local/share/nvim/lazy/lazy.nvim/lua/lazy
[10:29:57.659][info] [#0:script/workspace/loading.lua:98]: Skip loaded file: file:///home/tayler/.local/share/nvim/lazy/lazy.nvim/lua/lazy/manage/semver.lua
[10:29:57.659][info] [#0:script/workspace/loading.lua:101]: Preload file at: file:///home/tayler/.local/share/nvim/lazy/lazy.nvim/lua/lazy/manage/reloader.lua , size = 2.487 KB
[10:29:57.661][info] [#0:script/workspace/loading.lua:113]: ++++As library of:	file:///home/tayler/.local/share/nvim/lazy/lazy.nvim/lua/lazy
[10:29:57.661][info] [#0:script/workspace/loading.lua:98]: Skip loaded file: file:///home/tayler/.local/share/nvim/lazy/lazy.nvim/lua/lazy/manage/reloader.lua
[10:29:57.661][info] [#0:script/workspace/loading.lua:101]: Preload file at: file:///home/tayler/.local/share/nvim/lazy/lazy.nvim/lua/lazy/manage/checker.lua , size = 2.306 KB
[10:29:57.663][info] [#0:script/workspace/loading.lua:113]: ++++As library of:	file:///home/tayler/.local/share/nvim/lazy/lazy.nvim/lua/lazy
[10:29:57.663][info] [#0:script/workspace/loading.lua:98]: Skip loaded file: file:///home/tayler/.local/share/nvim/lazy/lazy.nvim/lua/lazy/manage/checker.lua
[10:29:57.663][info] [#0:script/workspace/loading.lua:101]: Preload file at: file:///home/tayler/.local/share/nvim/lazy/lazy.nvim/lua/lazy/manage/init.lua , size = 5.484 KB
[10:29:57.667][info] [#0:script/workspace/loading.lua:113]: ++++As library of:	file:///home/tayler/.local/share/nvim/lazy/lazy.nvim/lua/lazy
[10:29:57.667][info] [#0:script/workspace/loading.lua:98]: Skip loaded file: file:///home/tayler/.local/share/nvim/lazy/lazy.nvim/lua/lazy/manage/init.lua
[10:29:57.668][info] [#0:script/workspace/loading.lua:101]: Preload file at: file:///home/tayler/.local/share/nvim/lazy/lazy.nvim/lua/lazy/manage/lock.lua , size = 1.811 KB
[10:29:57.669][info] [#0:script/workspace/loading.lua:113]: ++++As library of:	file:///home/tayler/.local/share/nvim/lazy/lazy.nvim/lua/lazy
[10:29:57.669][info] [#0:script/workspace/loading.lua:98]: Skip loaded file: file:///home/tayler/.local/share/nvim/lazy/lazy.nvim/lua/lazy/manage/lock.lua
[10:29:57.669][info] [#0:script/workspace/loading.lua:101]: Preload file at: file:///home/tayler/.local/share/nvim/lazy/lazy.nvim/lua/lazy/manage/task/init.lua , size = 3.822 KB
[10:29:57.673][info] [#0:script/workspace/loading.lua:113]: ++++As library of:	file:///home/tayler/.local/share/nvim/lazy/lazy.nvim/lua/lazy
[10:29:57.673][info] [#0:script/workspace/loading.lua:98]: Skip loaded file: file:///home/tayler/.local/share/nvim/lazy/lazy.nvim/lua/lazy/manage/task/init.lua
[10:29:57.673][info] [#0:script/workspace/loading.lua:101]: Preload file at: file:///home/tayler/.local/share/nvim/lazy/lazy.nvim/lua/lazy/manage/task/fs.lua , size = 0.740 KB
[10:29:57.674][info] [#0:script/workspace/loading.lua:113]: ++++As library of:	file:///home/tayler/.local/share/nvim/lazy/lazy.nvim/lua/lazy
[10:29:57.674][info] [#0:script/workspace/loading.lua:98]: Skip loaded file: file:///home/tayler/.local/share/nvim/lazy/lazy.nvim/lua/lazy/manage/task/fs.lua
[10:29:57.674][info] [#0:script/workspace/loading.lua:101]: Preload file at: file:///home/tayler/.local/share/nvim/lazy/lazy.nvim/lua/lazy/manage/task/git.lua , size = 7.983 KB
[10:29:57.679][info] [#0:script/workspace/loading.lua:113]: ++++As library of:	file:///home/tayler/.local/share/nvim/lazy/lazy.nvim/lua/lazy
[10:29:57.679][info] [#0:script/workspace/loading.lua:98]: Skip loaded file: file:///home/tayler/.local/share/nvim/lazy/lazy.nvim/lua/lazy/manage/task/git.lua
[10:29:57.679][info] [#0:script/workspace/loading.lua:101]: Preload file at: file:///home/tayler/.local/share/nvim/lazy/lazy.nvim/lua/lazy/manage/task/plugin.lua , size = 2.385 KB
[10:29:57.681][info] [#0:script/workspace/loading.lua:113]: ++++As library of:	file:///home/tayler/.local/share/nvim/lazy/lazy.nvim/lua/lazy
[10:29:57.681][info] [#0:script/workspace/loading.lua:98]: Skip loaded file: file:///home/tayler/.local/share/nvim/lazy/lazy.nvim/lua/lazy/manage/task/plugin.lua
[10:29:57.681][info] [#0:script/workspace/loading.lua:101]: Preload file at: file:///home/tayler/.local/share/nvim/lazy/lazy.nvim/lua/lazy/manage/git.lua , size = 6.040 KB
[10:29:57.686][info] [#0:script/workspace/loading.lua:113]: ++++As library of:	file:///home/tayler/.local/share/nvim/lazy/lazy.nvim/lua/lazy
[10:29:57.686][info] [#0:script/workspace/loading.lua:98]: Skip loaded file: file:///home/tayler/.local/share/nvim/lazy/lazy.nvim/lua/lazy/manage/git.lua
[10:29:57.686][info] [#0:script/workspace/loading.lua:101]: Preload file at: file:///home/tayler/.local/share/nvim/mason/packages/lua-language-server/libexec/meta/Lua%205.4%20en-us%20utf8/io.lua , size = 6.364 KB
[10:29:57.690][info] [#0:script/workspace/loading.lua:113]: ++++As library of:	file:///home/tayler/.local/share/nvim/mason/packages/lua-language-server/libexec/meta/Lua%205.4%20en-us%20utf8/io.lua
[10:29:57.690][info] [#0:script/workspace/loading.lua:98]: Skip loaded file: file:///home/tayler/.local/share/nvim/mason/packages/lua-language-server/libexec/meta/Lua%205.4%20en-us%20utf8/io.lua
[10:29:57.690][info] [#0:script/workspace/loading.lua:101]: Preload file at: file:///home/tayler/.local/share/nvim/lazy/ui/nvchad_types/keymaps.lua , size = 1.461 KB
[10:29:57.691][info] [#0:script/workspace/loading.lua:113]: ++++As library of:	file:///home/tayler/.local/share/nvim/lazy/ui/nvchad_types
[10:29:57.691][info] [#0:script/workspace/loading.lua:98]: Skip loaded file: file:///home/tayler/.local/share/nvim/lazy/ui/nvchad_types/keymaps.lua
[10:29:57.691][info] [#0:script/workspace/loading.lua:101]: Preload file at: file:///home/tayler/.local/share/nvim/lazy/ui/nvchad_types/base46.lua , size = 7.725 KB
[10:29:57.694][info] [#0:script/workspace/loading.lua:113]: ++++As library of:	file:///home/tayler/.local/share/nvim/lazy/ui/nvchad_types
[10:29:57.694][info] [#0:script/workspace/loading.lua:98]: Skip loaded file: file:///home/tayler/.local/share/nvim/lazy/ui/nvchad_types/base46.lua
[10:29:57.694][info] [#0:script/workspace/loading.lua:101]: Preload file at: file:///home/tayler/.local/share/nvim/lazy/ui/nvchad_types/themes.lua , size = 4.774 KB
[10:29:57.697][info] [#0:script/workspace/loading.lua:113]: ++++As library of:	file:///home/tayler/.local/share/nvim/lazy/ui/nvchad_types
[10:29:57.697][info] [#0:script/workspace/loading.lua:98]: Skip loaded file: file:///home/tayler/.local/share/nvim/lazy/ui/nvchad_types/themes.lua
[10:29:57.697][info] [#0:script/workspace/loading.lua:101]: Preload file at: file:///home/tayler/.local/share/nvim/lazy/ui/nvchad_types/all_hl_groups.lua , size = 40.871 KB
[10:29:57.713][info] [#0:script/workspace/loading.lua:113]: ++++As library of:	file:///home/tayler/.local/share/nvim/lazy/ui/nvchad_types
[10:29:57.713][info] [#0:script/workspace/loading.lua:98]: Skip loaded file: file:///home/tayler/.local/share/nvim/lazy/ui/nvchad_types/all_hl_groups.lua
[10:29:57.713][info] [#0:script/workspace/loading.lua:101]: Preload file at: file:///home/tayler/.local/share/nvim/lazy/ui/nvchad_types/chadrc.lua , size = 8.765 KB
[10:29:57.718][info] [#0:script/workspace/loading.lua:113]: ++++As library of:	file:///home/tayler/.local/share/nvim/lazy/ui/nvchad_types
[10:29:57.718][info] [#0:script/workspace/loading.lua:98]: Skip loaded file: file:///home/tayler/.local/share/nvim/lazy/ui/nvchad_types/chadrc.lua
[10:29:57.718][info] [#0:script/workspace/loading.lua:101]: Preload file at: file:///home/tayler/.local/share/nvim/lazy/ui/nvchad_types/plugins.lua , size = 5.681 KB
[10:29:57.720][info] [#0:script/workspace/loading.lua:113]: ++++As library of:	file:///home/tayler/.local/share/nvim/lazy/ui/nvchad_types
[10:29:57.720][info] [#0:script/workspace/loading.lua:98]: Skip loaded file: file:///home/tayler/.local/share/nvim/lazy/ui/nvchad_types/plugins.lua
[10:29:57.720][info] [#0:script/workspace/loading.lua:101]: Preload file at: file:///home/tayler/.local/share/nvim/mason/packages/lua-language-server/libexec/meta/Lua%205.4%20en-us%20utf8/math.lua , size = 8.509 KB
[10:29:57.726][info] [#0:script/workspace/loading.lua:113]: ++++As library of:	file:///home/tayler/.local/share/nvim/mason/packages/lua-language-server/libexec/meta/Lua%205.4%20en-us%20utf8/math.lua
[10:29:57.726][info] [#0:script/workspace/loading.lua:98]: Skip loaded file: file:///home/tayler/.local/share/nvim/mason/packages/lua-language-server/libexec/meta/Lua%205.4%20en-us%20utf8/math.lua
[10:29:57.726][info] [#0:script/workspace/loading.lua:101]: Preload file at: file:///home/tayler/.local/share/nvim/mason/packages/lua-language-server/libexec/meta/Lua%205.4%20en-us%20utf8/builtin.lua , size = 0.302 KB
[10:29:57.727][info] [#0:script/workspace/loading.lua:113]: ++++As library of:	file:///home/tayler/.local/share/nvim/mason/packages/lua-language-server/libexec/meta/Lua%205.4%20en-us%20utf8/builtin.lua
[10:29:57.727][info] [#0:script/workspace/loading.lua:98]: Skip loaded file: file:///home/tayler/.local/share/nvim/mason/packages/lua-language-server/libexec/meta/Lua%205.4%20en-us%20utf8/builtin.lua
[10:29:57.727][info] [#0:script/workspace/loading.lua:101]: Preload file at: file:///home/tayler/.local/share/nvim/mason/packages/lua-language-server/libexec/meta/Lua%205.4%20en-us%20utf8/utf8.lua , size = 2.386 KB
[10:29:57.728][info] [#0:script/workspace/loading.lua:113]: ++++As library of:	file:///home/tayler/.local/share/nvim/mason/packages/lua-language-server/libexec/meta/Lua%205.4%20en-us%20utf8/utf8.lua
[10:29:57.728][info] [#0:script/workspace/loading.lua:98]: Skip loaded file: file:///home/tayler/.local/share/nvim/mason/packages/lua-language-server/libexec/meta/Lua%205.4%20en-us%20utf8/utf8.lua
[10:29:57.728][info] [#0:script/workspace/loading.lua:101]: Preload file at: file:///home/tayler/.local/share/nvim/mason/packages/lua-language-server/libexec/meta/Lua%205.4%20en-us%20utf8/package.lua , size = 2.944 KB
[10:29:57.730][info] [#0:script/workspace/loading.lua:113]: ++++As library of:	file:///home/tayler/.local/share/nvim/mason/packages/lua-language-server/libexec/meta/Lua%205.4%20en-us%20utf8/package.lua
[10:29:57.730][info] [#0:script/workspace/loading.lua:98]: Skip loaded file: file:///home/tayler/.local/share/nvim/mason/packages/lua-language-server/libexec/meta/Lua%205.4%20en-us%20utf8/package.lua
[10:29:57.730][info] [#0:script/workspace/loading.lua:101]: Preload file at: file:///home/tayler/.local/share/nvim/mason/packages/lua-language-server/libexec/meta/Lua%205.4%20en-us%20utf8/basic.lua , size = 15.377 KB
[10:29:57.739][info] [#0:script/workspace/loading.lua:113]: ++++As library of:	file:///home/tayler/.local/share/nvim/mason/packages/lua-language-server/libexec/meta/Lua%205.4%20en-us%20utf8/basic.lua
[10:29:57.739][info] [#0:script/workspace/loading.lua:98]: Skip loaded file: file:///home/tayler/.local/share/nvim/mason/packages/lua-language-server/libexec/meta/Lua%205.4%20en-us%20utf8/basic.lua
[10:29:57.739][info] [#0:script/workspace/loading.lua:101]: Preload file at: file:///home/tayler/.local/share/nvim/mason/packages/lua-language-server/libexec/meta/Lua%205.4%20en-us%20utf8/table.lua , size = 4.230 KB
[10:29:57.742][info] [#0:script/workspace/loading.lua:113]: ++++As library of:	file:///home/tayler/.local/share/nvim/mason/packages/lua-language-server/libexec/meta/Lua%205.4%20en-us%20utf8/table.lua
[10:29:57.742][info] [#0:script/workspace/loading.lua:98]: Skip loaded file: file:///home/tayler/.local/share/nvim/mason/packages/lua-language-server/libexec/meta/Lua%205.4%20en-us%20utf8/table.lua
[10:29:57.742][info] [#0:script/workspace/loading.lua:101]: Preload file at: file:///home/tayler/.local/share/nvim/mason/packages/lua-language-server/libexec/meta/Lua%205.4%20en-us%20utf8/string.lua , size = 6.341 KB
[10:29:57.746][info] [#0:script/workspace/loading.lua:113]: ++++As library of:	file:///home/tayler/.local/share/nvim/mason/packages/lua-language-server/libexec/meta/Lua%205.4%20en-us%20utf8/string.lua
[10:29:57.746][info] [#0:script/workspace/loading.lua:98]: Skip loaded file: file:///home/tayler/.local/share/nvim/mason/packages/lua-language-server/libexec/meta/Lua%205.4%20en-us%20utf8/string.lua
[10:29:57.746][info] [#0:script/workspace/loading.lua:101]: Preload file at: file:///home/tayler/.config/nvim/lua/core/init.lua , size = 3.459 KB
[10:29:57.749][info] [#0:script/workspace/loading.lua:101]: Preload file at: file:///home/tayler/.config/nvim/lua/core/mappings.lua , size = 10.292 KB
[10:29:57.754][info] [#0:script/workspace/loading.lua:101]: Preload file at: file:///home/tayler/.config/nvim/lua/core/utils.lua , size = 3.455 KB
[10:29:57.756][info] [#0:script/workspace/loading.lua:101]: Preload file at: file:///home/tayler/.config/nvim/lua/core/default_config.lua , size = 3.102 KB
[10:29:57.757][info] [#0:script/workspace/loading.lua:101]: Preload file at: file:///home/tayler/.config/nvim/lua/plugins/init.lua , size = 7.370 KB
[10:29:57.761][info] [#0:script/workspace/loading.lua:101]: Preload file at: file:///home/tayler/.config/nvim/lua/core/bootstrap.lua , size = 1.806 KB
[10:29:57.763][info] [#0:script/workspace/loading.lua:101]: Preload file at: file:///home/tayler/.config/nvim/lua/plugins/configs/others.lua , size = 1.620 KB
[10:29:57.764][info] [#0:script/workspace/loading.lua:101]: Preload file at: file:///home/tayler/.config/nvim/lua/plugins/configs/lspconfig.lua , size = 1.739 KB
[10:29:57.765][info] [#0:script/workspace/loading.lua:101]: Preload file at: file:///home/tayler/.config/nvim/lua/plugins/configs/nvimtree.lua , size = 1.479 KB
[10:29:57.766][info] [#0:script/workspace/loading.lua:101]: Preload file at: file:///home/tayler/.config/nvim/lua/plugins/configs/lazy_nvim.lua , size = 0.822 KB
[10:29:57.767][info] [#0:script/workspace/loading.lua:101]: Preload file at: file:///home/tayler/.config/nvim/lua/plugins/configs/telescope.lua , size = 1.788 KB
[10:29:57.768][info] [#0:script/workspace/loading.lua:101]: Preload file at: file:///home/tayler/.config/nvim/lua/plugins/configs/cmp.lua , size = 3.064 KB
[10:29:57.770][info] [#0:script/workspace/loading.lua:101]: Preload file at: file:///home/tayler/.config/nvim/lua/plugins/configs/treesitter.lua , size = 0.165 KB
[10:29:57.770][info] [#0:script/workspace/loading.lua:101]: Preload file at: file:///home/tayler/.config/nvim/lua/plugins/configs/mason.lua , size = 0.581 KB
[10:29:57.871][info] [#0:script/workspace/loading.lua:173]: Loaded files takes [1.084] sec: <fallback>
[10:29:57.871][info] [#0:script/workspace/loading.lua:182]: Compile files takes [0.000] sec: <fallback>
[10:29:57.871][info] [#0:script/workspace/loading.lua:183]: Loaded finish:	<fallback>
[10:29:57.871][info] [#0:script/workspace/workspace.lua:381]: Preload finish at:	<fallback>
[10:29:57.920][info] [#0:script/workspace/loading.lua:173]: Loaded files takes [1.133] sec: file:///home/tayler/.config/nvim
[10:29:57.920][info] [#0:script/workspace/loading.lua:182]: Compile files takes [0.000] sec: file:///home/tayler/.config/nvim
[10:29:57.920][info] [#0:script/workspace/loading.lua:183]: Loaded finish:	file:///home/tayler/.config/nvim
[10:29:57.920][info] [#0:script/workspace/workspace.lua:381]: Preload finish at:	file:///home/tayler/.config/nvim
[10:29:57.952][warn] [#0:script/proto/proto.lua:190]: Method [textDocument/didOpen] takes [1.298]sec. {
  jsonrpc = "2.0",
  method = "textDocument/didOpen",
  params = {
    textDocument = {
      languageId = "lua",
      text = '"***"',
      uri = "file:///home/tayler/.config/nvim/init.lua",
      version = 0
    }
  }
}
[10:29:57.953][info] [#0:script/provider/diagnostic.lua:557]: Diagnostics scope [file:///home/tayler/.config/nvim], files count:[143]
[10:29:58.137][info] [#0:script/provider/diagnostic.lua:574]: Diagnostics scope [file:///home/tayler/.config/nvim] finished, takes [0.175] sec.
[10:31:08.384][info] [#0:script/provider/provider.lua:169]: Server shutdown.
[10:31:08.385][warn] [#0:script/pub/report.lua:25]: Load proto error:	Disconnected!
